arm-none-eabi-gcc -c -mcpu=cortex-m3 -mthumb   -DUSE_FULL_LL_DRIVER -DUSE_HAL_DRIVER -DSTM32F103xB -Iuserapp/Inc -Ihardware/Inc -Ibsp/lcd -IDrivers/STM32F1xx_HAL_Driver/Inc -IDrivers/STM32F1xx_HAL_Driver/Inc/Legacy -IDrivers/CMSIS/Device/ST/STM32F1xx/Include -IDrivers/CMSIS/Include  -Og -Wall -fdata-sections -ffunction-sections -g -gdwarf-2 -MMD -MP -MF"build/lcd.d" -Wa,-a,-ad,-alms=build/lcd.lst bsp/lcd/lcd.c -o build/lcd.o
In file included from bsp/lcd/lcd.c:4:
bsp/lcd/lcd.h:7:1: warning: multi-line comment [-Wcomment]
    7 | // #define SCANF(data)     { A =  data&0x01;          \
      | ^
bsp/lcd/lcd.h: In function 'scanf_line':
bsp/lcd/lcd.h:36:24: error: 'LCD_A_GPIO_Port' undeclared (first use in this function)
   36 |   LL_GPIO_SetOutputPin(LCD_A_GPIO_Port, LCD_A_Pin);
      |                        ^~~~~~~~~~~~~~~
bsp/lcd/lcd.h:36:24: note: each undeclared identifier is reported only once for each function it appears in
bsp/lcd/lcd.h:36:41: error: 'LCD_A_Pin' undeclared (first use in this function)
   36 |   LL_GPIO_SetOutputPin(LCD_A_GPIO_Port, LCD_A_Pin);
      |                                         ^~~~~~~~~
bsp/lcd/lcd.h:40:24: error: 'LCD_B_GPIO_Port' undeclared (first use in this function)
   40 |   LL_GPIO_SetOutputPin(LCD_B_GPIO_Port, LCD_B_Pin);
      |                        ^~~~~~~~~~~~~~~
bsp/lcd/lcd.h:40:41: error: 'LCD_B_Pin' undeclared (first use in this function)
   40 |   LL_GPIO_SetOutputPin(LCD_B_GPIO_Port, LCD_B_Pin);
      |                                         ^~~~~~~~~
bsp/lcd/lcd.h:44:24: error: 'LCD_C_GPIO_Port' undeclared (first use in this function)
   44 |   LL_GPIO_SetOutputPin(LCD_C_GPIO_Port, LCD_C_Pin);
      |                        ^~~~~~~~~~~~~~~
bsp/lcd/lcd.h:44:41: error: 'LCD_C_Pin' undeclared (first use in this function)
   44 |   LL_GPIO_SetOutputPin(LCD_C_GPIO_Port, LCD_C_Pin);
      |                                         ^~~~~~~~~
bsp/lcd/lcd.h:48:24: error: 'LCD_D_GPIO_Port' undeclared (first use in this function)
   48 |   LL_GPIO_SetOutputPin(LCD_D_GPIO_Port, LCD_D_Pin);
      |                        ^~~~~~~~~~~~~~~
bsp/lcd/lcd.h:48:41: error: 'LCD_D_Pin' undeclared (first use in this function)
   48 |   LL_GPIO_SetOutputPin(LCD_D_GPIO_Port, LCD_D_Pin);
      |                                         ^~~~~~~~~
In file included from bsp/lcd/lcd.c:5:
bsp/lcd/oledfont.h: At top level:
bsp/lcd/oledfont.h:46:1: warning: missing braces around initializer [-Wmissing-braces]
   46 | {
      | ^
   47 | 0x00,0x00,0x00,0x00,0x00,0x04,0x01,0x04,0x01,0x08,0x11,0x10,0x11,0x60,0x1F,0xC0,
      | {{
   48 | 0x11,0x20,0x12,0x10,0x02,0x08,0x02,0x0C,0x00,0x04,0x00,0x04,0x00,0x00,0x00,0x00,"天",//0
      |                                                                                }    }
   49 | 0x00,0x00,0x00,0x00,0x00,0x00,0x00,0x80,0x08,0x80,0x10,0x80,0x35,0x00,0x15,0x00,
      | {{
   50 | 0x15,0x00,0x11,0xF8,0x00,0x04,0x00,0x02,0x00,0x02,0x00,0x06,0x00,0x02,0x00,0x00,"气",//1
      |                                                                                }    }
   51 | 0x00,0x00,0x00,0x00,0x01,0x00,0x0B,0x04,0x17,0xF8,0x19,0x00,0x11,0x00,0x01,0x02,
      | {{
   52 | 0x03,0xE4,0x0C,0x18,0x13,0xE0,0x14,0x08,0x17,0xFC,0x00,0x06,0x00,0x00,0x00,0x00,"预",//2
      |                                                                                }    }
   53 | 0x00,0x00,0x00,0x20,0x00,0x20,0x02,0x44,0x3F,0xFE,0x04,0x80,0x04,0x00,0x1F,0xFE,
      | {{
   54 | 0x10,0x44,0x14,0xA4,0x16,0x98,0x3C,0xE8,0x10,0x0C,0x00,0x04,0x00,0x04,0x00,0x00,"报",//3
      |                                                                                }    }
   55 | 0x00,0x00,0x00,0x00,0x01,0x04,0x01,0x04,0x01,0xF8,0x39,0x68,0x2D,0xFE,0x35,0x08,
      | {{
   56 | 0x35,0x24,0x26,0x58,0x3A,0xF8,0x22,0x8C,0x02,0x04,0x00,0x04,0x00,0x00,0x00,0x00,"最",//4
      |                                                                                }    }
   57 | 0x00,0x00,0x00,0x00,0x00,0xFC,0x10,0x40,0x10,0x40,0x17,0xB0,0x15,0xA8,0x75,0xA8,
      | {{
   58 | 0x16,0xB0,0x1C,0xA0,0x10,0x82,0x10,0x82,0x10,0xFE,0x00,0x80,0x00,0x00,0x00,0x00,"高",//5
      |                                                                                }    }
   59 | 0x00,0x00,0x00,0x80,0x01,0x00,0x02,0x04,0x1D,0xF8,0x30,0x00,0x00,0x08,0x07,0xF0,
      | {{
   60 | 0x08,0xA0,0x1F,0x28,0x31,0xC8,0x21,0x20,0x02,0x18,0x00,0x0C,0x00,0x0C,0x00,0x00,"低",//6
      |                                                                                }    }
   61 | 0x00,0x00,0x00,0x00,0x02,0x0C,0x10,0x70,0x18,0x44,0x00,0x04,0x10,0x7C,0x1F,0x44,
      | {{
   62 | 0x15,0x78,0x16,0x48,0x16,0x74,0x2E,0x44,0x18,0xF8,0x00,0x48,0x00,0x00,0x00,0x00,"温",//7
      |                                                                                }    }
   63 | 0x00,0x00,0x00,0x04,0x00,0x08,0x00,0x30,0x0F,0xC2,0x09,0x02,0x0D,0x02,0x0F,0xB4,
      | {{
   64 | 0x6A,0xC8,0x1B,0x78,0x14,0x44,0x12,0x06,0x00,0x02,0x00,0x02,0x00,0x02,0x00,0x00,"度",//8
      |                                                                                }    }
   65 | 0x00,0x00,0x00,0x00,0x02,0x1C,0x10,0x60,0x10,0x04,0x10,0x04,0x1F,0x34,0x15,0xBC,
      | {{
   66 | 0x15,0xC4,0x1A,0x84,0x12,0xFC,0x3E,0x24,0x10,0xC4,0x00,0x04,0x00,0x04,0x00,0x00,"湿",//9
      |                                                                                }    }
   67 | 0x00,0x00,0x30,0x00,0x48,0x00,0x30,0x00,0x00,0x00,0x03,0xF0,0x0E,0x18,0x08,0x0C,
      | {{
   68 | 0x10,0x04,0x10,0x04,0x10,0x04,0x10,0x04,0x08,0x0C,0x0C,0x38,0x00,0x00,0x00,0x00,"℃",//10
      |                                                                                }    }
   69 | 0x00,0x00,0x00,0x80,0x00,0x80,0x08,0xA0,0x0A,0xB8,0x09,0x28,0x2B,0x50,0x15,0x70,
      | {{
   70 | 0x01,0x00,0x10,0x00,0x1F,0xFE,0x12,0x00,0x15,0x00,0x19,0xE0,0x00,0x40,0x00,0x00,"部",//11
      |                                                                                }    }
   71 | 0x00,0x00,0x00,0x00,0x00,0x80,0x01,0x44,0x06,0x48,0x1C,0xB0,0x40,0xC0,0x40,0x86,
      | {{
   72 | 0x30,0x86,0x08,0xBC,0x04,0xC0,0x03,0x00,0x03,0x00,0x01,0x00,0x01,0x00,0x00,0x00,"分",//12
      |                                                                                }    }
   73 | 0x00,0x00,0x00,0x00,0x0F,0xF0,0x09,0x10,0x10,0x10,0x1F,0xE0,0x01,0x00,0x01,0x04,
      | {{
   74 | 0x05,0xF8,0x6D,0xB0,0x56,0x90,0x12,0x82,0x02,0xFE,0x02,0x00,0x02,0x00,0x00,0x00,"晴",//13
      |                                                                                }    }
   75 | 0x00,0x00,0x00,0x00,0x00,0x00,0x0F,0xF8,0x20,0x00,0x30,0x00,0x03,0xE0,0x12,0xA0,
      | {{
   76 | 0x14,0xA0,0x17,0xF0,0x10,0x00,0x20,0x04,0x3F,0xFE,0x00,0x00,0x00,0x00,0x00,0x00,"间",//14
      |                                                                                }    }
   77 | 0x00,0x00,0x00,0x00,0x00,0x00,0x00,0x01,0x01,0x22,0x09,0x22,0x12,0x44,0x2A,0xA4,
      | {{
   78 | 0x65,0x38,0x29,0x90,0x30,0xA0,0x20,0xC0,0x00,0x80,0x00,0x00,0x00,0x00,0x00,0x00,"多",//15
      |                                                                                }    }
   79 | 0x00,0x00,0x00,0x00,0x00,0x80,0x00,0x84,0x00,0x8C,0x08,0xB8,0x09,0x48,0x09,0x88,
      | {{
   80 | 0x11,0x08,0x11,0x08,0x11,0x30,0x01,0x18,0x01,0x0C,0x01,0x00,0x01,0x00,0x00,0x00,"云",//16
      |                                                                                }    }
   81 | 0x00,0x00,0x00,0x00,0x00,0x00,0x1F,0xF8,0x11,0x00,0x1F,0x00,0x30,0x0C,0x00,0x30,
      | {{
   82 | 0x1F,0xC0,0x12,0x80,0x10,0x80,0x10,0x04,0x1F,0xFE,0x00,0x00,0x00,0x00,0x00,0x00,"阴",//17
      |                                                                                }    }
   83 | 0x00,0x00,0x00,0x00,0x06,0x00,0x04,0x00,0x06,0xBC,0x26,0xA2,0x28,0x34,0x3F,0xBC,
      | {{
   84 | 0x28,0x54,0x4D,0x54,0x48,0x46,0x08,0x7C,0x14,0x00,0x08,0x00,0x00,0x00,0x00,0x00,"雷",//18
      |                                                                                }    }
   85 | 0x00,0x00,0x00,0x00,0x1F,0xFC,0x10,0x00,0x1F,0x00,0x31,0x00,0x08,0xA0,0x0B,0xA0,
      | {{
   86 | 0x0C,0xA0,0x3B,0xFE,0x09,0x20,0x11,0x20,0x11,0x20,0x00,0x20,0x00,0x00,0x00,0x00,"阵",//19
      |                                                                                }    }
   87 | 0x00,0x00,0x00,0x00,0x01,0xF0,0x01,0x00,0x09,0x20,0x09,0x20,0x09,0x00,0x1F,0xF0,
      | {{
   88 | 0x12,0x00,0x12,0xA0,0x12,0xA0,0x02,0x06,0x03,0xFC,0x03,0x00,0x00,0x00,0x00,0x00,"雨",//20
      |                                                                                }    }
   89 | 0x00,0x00,0x00,0x80,0x01,0x00,0x02,0x08,0x1D,0xF0,0x10,0x20,0x00,0x20,0x05,0x40,
      | {{
   90 | 0x01,0x40,0x7F,0xFE,0x21,0x40,0x05,0x40,0x18,0x40,0x00,0x40,0x00,0x00,0x00,0x00,"伴",//21
      |                                                                                }    }
   91 | 0x00,0x00,0x00,0x00,0x08,0x20,0x08,0x40,0x08,0x80,0x09,0x0C,0x0F,0xF0,0x79,0x50,
      | {{
   92 | 0x49,0x40,0x0A,0x00,0x0B,0xFE,0x10,0x00,0x10,0x00,0x10,0x00,0x00,0x00,0x00,0x00,"有",//22
      |                                                                                }    }
   93 | 0x00,0x00,0x00,0x10,0x08,0x70,0x06,0x88,0x01,0x10,0x01,0x60,0x03,0x80,0x01,0x04,
      | {{
   94 | 0x3F,0xFE,0x01,0x80,0x02,0x40,0x0C,0x20,0x04,0x30,0x00,0x10,0x00,0x10,0x00,0x00,"冰",//23
      |                                                                                }    }
   95 | 0x00,0x00,0x00,0x00,0x06,0x00,0x08,0x20,0x0D,0x7C,0x28,0xAA,0x28,0xB2,0x3F,0xAA,
      | {{
   96 | 0x28,0x92,0x2A,0xF2,0x0C,0x82,0x10,0x02,0x18,0x02,0x08,0x0C,0x00,0x00,0x00,0x00,"雹",//24
      |                                                                                }    }
   97 | 0x00,0x00,0x00,0x00,0x00,0x60,0x00,0xC0,0x00,0x00,0x00,0x00,0x00,0x08,0x37,0x8C,
      | {{
   98 | 0x18,0x78,0x00,0x00,0x00,0x00,0x01,0x00,0x01,0x80,0x00,0xC0,0x00,0x00,0x00,0x00,"小",//25
      |                                                                                }    }
   99 | 0x00,0x00,0x00,0x00,0x00,0x00,0x07,0x00,0x04,0xC0,0x04,0x40,0x04,0x40,0x7F,0xFE,
      | {{
  100 | 0x24,0x80,0x04,0x80,0x08,0x80,0x0D,0x80,0x0E,0x00,0x00,0x00,0x00,0x00,0x00,0x00,"中",//26
      |                                                                                }    }
  101 | 0x00,0x00,0x00,0x00,0x01,0x20,0x0E,0x20,0x02,0x40,0x3F,0xFC,0x04,0x80,0x01,0x40,
      | {{
  102 | 0x01,0x60,0x01,0x50,0x7E,0x42,0x0B,0xFE,0x0A,0x80,0x02,0x80,0x02,0x00,0x00,0x00,"特",//27
      |                                                                                }    }
  103 | 0x00,0x00,0x00,0x00,0x00,0x00,0x01,0x02,0x01,0x04,0x01,0x08,0x01,0x30,0x3F,0xC0,
      | {{
  104 | 0x01,0x60,0x02,0x10,0x02,0x0C,0x02,0x04,0x02,0x04,0x00,0x02,0x00,0x00,0x00,0x00,"大",//28
      |                                                                                }    }
  105 | 0x00,0x00,0x00,0x00,0x00,0x08,0x00,0x54,0x31,0x64,0x2F,0xD8,0x35,0xA2,0x36,0xBE,
      | {{
  106 | 0x2B,0xB8,0x4E,0xD4,0x32,0xA4,0x01,0x10,0x00,0x18,0x00,0x08,0x00,0x00,0x00,0x00,"暴",//29
      |                                                                                }    }
  107 | 0x00,0x00,0x00,0x00,0x01,0xF0,0x01,0x00,0x09,0x20,0x09,0x20,0x09,0x00,0x1F,0xF0,
      | {{
  108 | 0x12,0x00,0x12,0xA0,0x12,0xA0,0x02,0x06,0x03,0xFC,0x03,0x00,0x00,0x00,0x00,0x00,"雨",//30
      |                                                                                }    }
  109 | 0x00,0x00,0x00,0x00,0x00,0x30,0x18,0x60,0x09,0x80,0x00,0x0C,0x00,0xD8,0x07,0x40,
      | {{
  110 | 0x0C,0x84,0x7B,0xFE,0x0A,0x80,0x08,0xA0,0x08,0x90,0x00,0x98,0x00,0x00,0x00,0x00,"冻",//31
      |                                                                                }    }
  111 | 0x00,0x00,0x00,0x00,0x00,0x40,0x00,0x42,0x00,0x44,0x05,0x48,0x04,0xB0,0x7F,0xC0,
      | {{
  112 | 0x09,0xA0,0x0A,0x98,0x0E,0x8C,0x00,0x86,0x00,0x86,0x00,0x82,0x00,0x00,0x00,0x00,"夹",//32
      |                                                                                }    }
  113 | 0x00,0x00,0x00,0x00,0x03,0x00,0x04,0x00,0x06,0xA2,0x07,0xAA,0x24,0x2A,0x3F,0xAA,
      | {{
  114 | 0x24,0x2A,0x26,0x2A,0x0A,0xBC,0x08,0x30,0x0C,0x00,0x04,0x00,0x04,0x00,0x00,0x00,"雪",//33
      |                                                                                }    }
  115 | 0x00,0x00,0x00,0x00,0x03,0x1C,0x10,0x60,0x10,0x20,0x08,0x20,0x0C,0x20,0x11,0x40,
      | {{
  116 | 0x2A,0x42,0x6A,0xFE,0x27,0x40,0x0A,0x40,0x10,0x40,0x00,0x40,0x00,0x40,0x00,0x00,"浮",//34
      |                                                                                }    }
  117 | 0x00,0x00,0x00,0x00,0x00,0x00,0x03,0x02,0x06,0x02,0x00,0x12,0x00,0x14,0x3F,0x9C,
      | {{
  118 | 0x00,0x64,0x00,0x24,0x08,0x24,0x08,0x04,0x04,0x04,0x00,0x04,0x00,0x00,0x00,0x00,"尘",//35
      |                                                                                }    }
  119 | 0x00,0x00,0x00,0x20,0x00,0x40,0x02,0x48,0x0B,0xF4,0x34,0x88,0x04,0x00,0x00,0x14,
      | {{
  120 | 0x01,0x64,0x0B,0x98,0x15,0x24,0x19,0xC6,0x11,0x06,0x01,0xF8,0x01,0x00,0x00,0x00,"扬",//36
      |                                                                                }    }
  121 | 0x00,0x00,0x00,0x00,0x03,0xC4,0x12,0x42,0x12,0x7E,0x1C,0x40,0x10,0x04,0x00,0xC4,
      | {{
  122 | 0x1C,0xA4,0x14,0xA4,0x17,0xF8,0x14,0xA8,0x19,0x58,0x11,0x8C,0x00,0x00,0x00,0x00,"强",//37
      |                                                                                }    }
  123 | 0x00,0x00,0x00,0x00,0x02,0x10,0x11,0x70,0x18,0x42,0x00,0x02,0x01,0x82,0x00,0x04,
      | {{
  124 | 0x00,0x08,0x3F,0x90,0x00,0x20,0x01,0xC0,0x04,0x00,0x04,0x00,0x00,0x00,0x00,0x00,"沙",//38
      |                                                                                }    }
  125 | 0x00,0x00,0x00,0x00,0x00,0x00,0x03,0x02,0x06,0x02,0x00,0x12,0x00,0x14,0x3F,0x9C,
      | {{
  126 | 0x00,0x64,0x00,0x24,0x08,0x24,0x08,0x04,0x04,0x04,0x00,0x04,0x00,0x00,0x00,0x00,"尘",//39
      |                                                                                }    }
  127 | 0x00,0x00,0x00,0x00,0x00,0x08,0x00,0x54,0x31,0x64,0x2F,0xD8,0x35,0xA2,0x36,0xBE,
      | {{
  128 | 0x2B,0xB8,0x4E,0xD4,0x32,0xA4,0x01,0x10,0x00,0x18,0x00,0x08,0x00,0x00,0x00,0x00,"暴",//40
      |                                                                                }    }
  129 | 0x00,0x00,0x00,0x00,0x0E,0x08,0x08,0x50,0x0A,0x52,0x0C,0xAC,0x2B,0xB8,0x3D,0x6A,
      | {{
  130 | 0x29,0xD3,0x1B,0x3C,0x10,0x28,0x10,0x30,0x18,0x10,0x00,0x10,0x00,0x00,0x00,0x00,"雾",//41
      |                                                                                }    }
  131 | 0x00,0x00,0x00,0x04,0x00,0x94,0x0C,0xA8,0x09,0xF2,0x2F,0x7E,0x28,0x82,0x3E,0xE2,
      | {{
  132 | 0x28,0x9A,0x58,0xFC,0x13,0x6C,0x11,0x64,0x19,0x84,0x10,0x04,0x00,0x00,0x00,0x00,"霾",//42
      |                                                                                }    }
  133 | 0x00,0x00,0x00,0x04,0x00,0x08,0x00,0x70,0x1F,0x88,0x10,0x10,0x11,0x20,0x10,0xC0,
      | {{
  134 | 0x1F,0x60,0x24,0x30,0x2F,0xE0,0x30,0x18,0x00,0x0C,0x00,0x04,0x00,0x1C,0x00,0x00,"风",//43
      |                                                                                }    }
  135 | 0x00,0x00,0x00,0x08,0x03,0xF0,0x0C,0x10,0x11,0x60,0x13,0xC0,0x14,0x20,0x1F,0xF0,
      | {{
  136 | 0x00,0x48,0x1F,0x94,0x15,0x64,0x15,0x84,0x1F,0xA4,0x00,0x84,0x00,0x8C,0x00,0x00,"飓",//44
      |                                                                                }    }
  137 | 
  138 | 0x00,0x00,0x00,0x30,0x08,0x60,0x08,0x80,0x00,0x80,0x01,0x20,0x02,0x20,0x0D,0x28,
      | {{
  139 | 0x78,0xAC,0x04,0x36,0x02,0x60,0x03,0x00,0x01,0x00,0x00,0x80,0x00,0x00,0x00,0x00,"冷",//0
      |                                                                                }    }
  140 | 0x00,0x00,0x00,0x00,0x00,0x82,0x00,0x8C,0x05,0x20,0x3F,0xE0,0x09,0x1C,0x08,0x20,
      | {{
  141 | 0x05,0xC0,0x7F,0x8C,0x04,0x00,0x0F,0xC0,0x08,0x28,0x00,0x64,0x00,0x00,0x00,0x00,"热",//1
      |                                                                                }    }
  142 | 0x00,0x00,0x00,0x00,0x00,0x08,0x01,0x08,0x01,0x10,0x01,0x60,0x05,0x80,0x7F,0xFF,
      | {{
  143 | 0x0A,0x80,0x02,0x60,0x02,0x30,0x00,0x18,0x00,0x18,0x00,0x08,0x00,0x08,0x00,0x00,"未",//2
      |                                                                                }    }
  144 | 0x00,0x00,0x00,0x40,0x01,0x44,0x02,0x48,0x0C,0x70,0x33,0xC0,0x04,0xA0,0x04,0x98,
      | {{
  145 | 0x00,0x80,0x01,0xF0,0x01,0x10,0x01,0x10,0x02,0x20,0x03,0xE0,0x01,0x00,0x00,0x00,"知",//3
      |                                                                                }    }
  146 | 0x00,0x00,0x00,0x40,0x00,0x40,0x00,0x80,0x03,0x20,0x06,0x20,0x18,0x20,0x71,0x22,
      | {{
  147 | 0x11,0x4C,0x08,0x70,0x04,0x00,0x03,0x00,0x01,0x80,0x01,0x80,0x00,0x80,0x00,0x00,"今",//4
      |                                                                                }    }
  148 | 0x00,0x00,0x00,0x00,0x0D,0xE0,0x0A,0x40,0x0A,0x40,0x10,0x42,0x0F,0xC4,0x00,0x18,
      | {{
  149 | 0x3B,0xE0,0x14,0x80,0x24,0x80,0x24,0x84,0x37,0x0E,0x38,0xF8,0x00,0x00,0x00,0x00,"明",//5
      |                                                                                }    }
  150 | 0x00,0x00,0x00,0x04,0x00,0x08,0x00,0x30,0x0F,0xC0,0x0D,0x30,0x09,0x2C,0x09,0x24,
      | {{
  151 | 0x11,0x24,0x31,0x24,0x22,0x44,0x02,0x7C,0x02,0x60,0x02,0x00,0x00,0x00,0x00,0x00,"后",//6
      |                                                                                }    }
  152 | 0x00,0x00,0x00,0x00,0x00,0x04,0x01,0x04,0x01,0x08,0x11,0x10,0x11,0x60,0x1F,0xC0,
      | {{
  153 | 0x11,0x20,0x12,0x10,0x02,0x08,0x02,0x0C,0x00,0x04,0x00,0x04,0x00,0x00,0x00,0x00,"天",//7
      |                                                                                }    }
  154 | 0x00,0x00,0x00,0x00,0x00,0x84,0x00,0x88,0x00,0xB0,0x20,0xE0,0x3C,0x90,0x2A,0x90,
      | {{
  155 | 0x23,0xF8,0x25,0x24,0x39,0x44,0x01,0x06,0x01,0x02,0x00,0x02,0x00,0x00,0x00,0x00,"是",//8
      |                                                                                }    }
  156 | 0x00,0x00,0x00,0x00,0x00,0x10,0x02,0x20,0x0C,0x40,0x08,0x80,0x0B,0x7E,0x7D,0x04,
      | {{
  157 | 0x28,0x88,0x08,0xC0,0x0F,0x30,0x19,0x18,0x08,0x08,0x00,0x08,0x00,0x08,0x00,0x00,"农",//9
      |                                                                                }    }
  158 | 0x00,0x00,0x00,0x20,0x00,0x20,0x00,0xC0,0x01,0x04,0x06,0x0C,0x00,0x38,0x20,0xC8,
      | {{
  159 | 0x10,0x08,0x0C,0x08,0x02,0x1C,0x01,0x84,0x00,0x80,0x00,0x80,0x00,0x00,0x00,0x00,"公",//0
      |                                                                                }    }
  160 | 0x00,0x00,0x00,0x04,0x00,0x08,0x00,0x30,0x1F,0xC0,0x10,0x04,0x11,0x08,0x11,0x30,
      | {{
  161 | 0x1F,0xC0,0x15,0x04,0x12,0x06,0x23,0xFC,0x23,0x00,0x00,0x00,0x00,0x00,0x00,0x00,"历",//10
      |                                                                                }    }
  162 | 0x00,0x00,0x00,0x00,0x00,0x40,0x04,0x40,0x04,0x40,0x1B,0xC0,0x6A,0x40,0x12,0x40,
      | {{
  163 | 0x1F,0xFF,0x12,0x80,0x12,0x80,0x04,0x80,0x00,0x80,0x00,0x80,0x00,0x80,0x00,0x00,"年",//11
      |                                                                                }    }
  164 | 0x00,0x00,0x00,0x00,0x00,0x04,0x00,0x04,0x01,0x78,0x09,0x88,0x08,0x08,0x08,0x08,
      | {{
  165 | 0x17,0xF8,0x10,0x88,0x11,0x08,0x11,0x08,0x00,0x08,0x00,0x08,0x00,0x08,0x00,0x00,"正",//12
      |                                                                                }    }
  166 | 0x00,0x00,0x00,0x0C,0x00,0xF0,0x1F,0x40,0x12,0x44,0x1F,0xFC,0x01,0x00,0x01,0x00,
      | {{
  167 | 0x1F,0x78,0x15,0x54,0x0A,0x68,0x3D,0x84,0x0A,0x7E,0x0A,0x00,0x02,0x00,0x00,0x00,"腊",//13
      |                                                                                }    }
  168 | 0x00,0x00,0x00,0x00,0x00,0x02,0x00,0x04,0x00,0x18,0x11,0xE0,0x1E,0x40,0x12,0x40,
      | {{
  169 | 0x12,0x80,0x20,0x04,0x3F,0xFE,0x30,0x00,0x00,0x00,0x00,0x00,0x00,0x00,0x00,0x00,"月",//14
      |                                                                                }    }
  170 | 0x00,0x00,0x00,0x00,0x00,0x00,0x00,0x00,0x0C,0x70,0x0B,0x88,0x08,0x88,0x09,0x10,
      | {{
  171 | 0x11,0x10,0x10,0x08,0x1F,0xFC,0x18,0x00,0x00,0x00,0x00,0x00,0x00,0x00,0x00,0x00,"日",//15
      |                                                                                }    }
  172 | 0x00,0x00,0x00,0x00,0x00,0x22,0x00,0x22,0x00,0xC2,0x1C,0xD2,0x1A,0x52,0x1A,0x54,
      | {{
  173 | 0x1B,0xFC,0x22,0x94,0x24,0x84,0x38,0x84,0x00,0x04,0x00,0x04,0x00,0x04,0x00,0x00,"星",//16
      |                                                                                }    }
  174 | 0x00,0x00,0x00,0x20,0x00,0x24,0x00,0x28,0x1F,0xF0,0x0A,0xA0,0x0A,0xA0,0x3F,0xD9,
      | {{
  175 | 0x00,0x46,0x00,0x18,0x0F,0xE0,0x09,0x40,0x09,0x44,0x1F,0xFE,0x00,0x00,0x00,0x00,"期",//17
      |                                                                                }    }
  176 | 0x00,0x00,0x00,0x08,0x06,0x08,0x08,0x10,0x0D,0x28,0x2D,0x48,0x29,0xD4,0x3F,0x36,
      | {{
  177 | 0x28,0x98,0x4D,0x50,0x0C,0x20,0x10,0x20,0x18,0x10,0x08,0x10,0x00,0x10,0x00,0x00,"零",//18
      |                                                                                }    }
  178 | 0x00,0x00,0x00,0x80,0x00,0x80,0x00,0x80,0x00,0x80,0x00,0x80,0x00,0x80,0x00,0x80,
      | {{
  179 | 0x00,0x80,0x01,0x00,0x01,0x00,0x01,0x00,0x01,0x00,0x01,0x00,0x01,0x00,0x00,0x00,"一",//19
      |                                                                                }    }
  180 | 0x00,0x00,0x00,0x00,0x00,0x08,0x00,0x10,0x00,0x10,0x04,0x10,0x04,0x10,0x04,0x10,
      | {{
  181 | 0x08,0x10,0x08,0x10,0x08,0x10,0x08,0x10,0x00,0x30,0x00,0x30,0x00,0x10,0x00,0x00,"二",//20
      |                                                                                }    }
  182 | 0x00,0x00,0x00,0x00,0x00,0x08,0x00,0x08,0x00,0x08,0x08,0x88,0x08,0x88,0x08,0x88,
      | {{
  183 | 0x18,0x88,0x11,0x08,0x11,0x08,0x10,0x10,0x00,0x10,0x00,0x18,0x00,0x08,0x00,0x00,"三",//21
      |                                                                                }    }
  184 | 0x00,0x00,0x00,0x00,0x07,0x00,0x04,0xF0,0x04,0x50,0x05,0x90,0x0E,0x10,0x08,0x10,
      | {{
  185 | 0x0F,0x10,0x08,0xA0,0x08,0xA0,0x08,0x98,0x18,0xF0,0x0F,0x00,0x00,0x00,0x00,0x00,"四",//22
      |                                                                                }    }
  186 | 0x00,0x00,0x00,0x04,0x00,0x04,0x00,0x04,0x00,0x84,0x08,0x98,0x08,0xE8,0x0F,0x08,
      | {{
  187 | 0x10,0x88,0x11,0x18,0x11,0xE8,0x10,0x88,0x00,0x08,0x00,0x08,0x00,0x08,0x00,0x00,"五",//23
      |                                                                                }    }
  188 | 0x00,0x00,0x00,0x00,0x01,0x04,0x01,0x04,0x01,0x18,0x01,0x30,0x01,0x20,0x11,0x00,
      | {{
  189 | 0x09,0x00,0x02,0x40,0x02,0x20,0x02,0x30,0x02,0x18,0x02,0x00,0x02,0x00,0x00,0x00,"六",//24
      |                                                                                }    }
  190 | 0x00,0x00,0x00,0x00,0x00,0x40,0x00,0x40,0x00,0x80,0x00,0x80,0x3F,0xF0,0x01,0x08,
      | {{
  191 | 0x01,0x08,0x02,0x08,0x02,0x08,0x02,0x08,0x04,0x08,0x04,0x18,0x00,0x00,0x00,0x00,"七",//25
      |                                                                                }    }
  192 | 0x00,0x00,0x00,0x08,0x00,0x10,0x00,0x20,0x00,0x40,0x01,0x80,0x00,0x00,0x08,0x00,
      | {{
  193 | 0x06,0x00,0x01,0x80,0x00,0xC0,0x00,0x30,0x00,0x10,0x00,0x10,0x00,0x00,0x00,0x00,"八",//26
      |                                                                                }    }
  194 | 0x00,0x00,0x00,0x04,0x00,0x08,0x01,0x10,0x02,0x20,0x02,0xC0,0x3F,0x00,0x22,0x00,
      | {{
  195 | 0x04,0xF0,0x07,0x08,0x04,0x04,0x00,0x04,0x00,0x04,0x00,0x0C,0x00,0x3C,0x00,0x00,"九",//27
      |                                                                                }    }
  196 | 0x00,0x00,0x00,0x00,0x01,0x00,0x01,0x00,0x01,0x00,0x01,0x00,0x02,0x00,0x62,0x0C,
      | {{
  197 | 0x3F,0xF0,0x02,0x00,0x02,0x00,0x02,0x00,0x02,0x00,0x02,0x00,0x00,0x00,0x00,0x00,"十",//28
      |                                                                                }    }
  198 | 0x00,0x00,0x00,0x10,0x02,0x20,0x02,0x40,0x02,0x80,0x05,0xFE,0x26,0x80,0x05,0x48,
      | {{
  199 | 0x00,0x10,0x00,0x60,0x03,0x80,0x06,0x08,0x04,0x18,0x07,0xF0,0x04,0x00,0x00,0x00,"初",//29
      |                                                                                }    }
  200 | 0x00,0x00,0x01,0x00,0x01,0x00,0x01,0x00,0x0F,0xA0,0x01,0x58,0x01,0x44,0x02,0x48,
      | {{
  201 | 0x02,0x08,0x02,0x0C,0x3F,0xF8,0x02,0x00,0x02,0x00,0x02,0x00,0x00,0x00,0x00,0x00,"甘",//30
      |                                                                                }    }
  202 | 0x00,0x00,0x00,0x00,0x04,0x00,0x07,0xC0,0x04,0xA0,0x05,0x20,0x3F,0xF8,0x25,0x44,
      | {{
  203 | 0x05,0x44,0x08,0x44,0x0F,0x84,0x0E,0x04,0x00,0x04,0x00,0x1C,0x00,0x00,0x00,0x00,"电",//31
      |                                                                                }    }
  204 | 0x00,0x00,0x00,0x04,0x00,0x18,0x00,0x60,0x1F,0x88,0x10,0x08,0x10,0x08,0x10,0x88,
      | {{
  205 | 0x10,0xB8,0x17,0xC8,0x11,0x08,0x21,0x48,0x00,0x28,0x00,0x08,0x00,0x08,0x00,0x00,"压",//32
      |                                                                                }    }
  206 | 0x00,0x00,0x02,0x00,0x03,0x1C,0x10,0xF0,0x08,0x00,0x00,0x04,0x00,0xB8,0x05,0x80,
      | {{
  207 | 0x0E,0xFC,0x29,0x00,0x0B,0x78,0x0B,0x04,0x08,0x04,0x00,0x04,0x00,0x0C,0x00,0x00,"流",//33
      |                                                                                }    }
  208 | 0x00,0x00,0x00,0x20,0x04,0x20,0x04,0x20,0x07,0xC0,0x04,0x44,0x08,0x48,0x02,0x90,
      | {{
  209 | 0x02,0x20,0x03,0xC0,0x3E,0x0C,0x02,0x0C,0x04,0x78,0x07,0x80,0x00,0x00,0x00,0x00,"功",//34
      |                                                                                }    }
  210 | 0x00,0x00,0x00,0x20,0x00,0x20,0x05,0xA0,0x06,0x20,0x12,0xA0,0x1D,0xA0,0x76,0xBE,
      | {{
  211 | 0x25,0x60,0x29,0x20,0x20,0x20,0x0A,0x20,0x01,0x40,0x00,0x40,0x00,0x40,0x00,0x00,"率",//35
      |                                                                                }    }
  212 | 0x00,0x00,0x00,0x00,0x01,0x02,0x01,0x02,0x01,0xC2,0x3E,0xAA,0x36,0xDA,0x36,0xFE,
      | {{
  213 | 0x36,0xAA,0x2B,0x2A,0x33,0xC2,0x22,0x82,0x02,0x02,0x02,0x00,0x02,0x00,0x00,0x00,"量",//36
      |                                                                                }    }
  214 | 0x00,0x00,0x00,0x00,0x00,0x00,0x1F,0xFC,0x10,0x20,0x11,0x40,0x13,0x80,0x14,0x40,
      | {{
  215 | 0x11,0xC0,0x13,0x00,0x14,0x88,0x30,0x04,0x1F,0xFC,0x00,0x00,0x00,0x00,0x00,0x00,"网",//0
      |                                                                                }    }
  216 | 0x00,0x00,0x00,0x08,0x02,0x48,0x0D,0xC8,0x11,0x50,0x06,0x10,0x00,0x20,0x02,0x5C,
      | {{
  217 | 0x0D,0x52,0x35,0x92,0x07,0xA4,0x04,0x5C,0x00,0x50,0x00,0x20,0x00,0x00,0x00,0x00,"络",//1
      |                                                                                }    }
  218 | 0x00,0x00,0x00,0x00,0x00,0x00,0x03,0xF8,0x11,0x08,0x11,0x04,0x11,0x04,0x12,0x04,
      | {{
  219 | 0x3C,0x04,0x10,0x04,0x00,0x04,0x00,0x0C,0x00,0x08,0x00,0x38,0x00,0x00,0x00,0x00,"已",//2
      |                                                                                }    }
  220 | 0x00,0x00,0x00,0x08,0x00,0x08,0x11,0xF8,0x08,0x08,0x00,0x48,0x09,0x44,0x0F,0x44,
      | {{
  221 | 0x79,0x44,0x2F,0xFC,0x11,0x46,0x12,0x46,0x00,0x46,0x00,0x84,0x00,0x04,0x00,0x00,"连",//3
      |                                                                                }    }
  222 | 0x00,0x00,0x00,0x20,0x02,0x20,0x02,0x40,0x7F,0xFE,0x04,0xA0,0x00,0x22,0x00,0xA2,
      | {{
  223 | 0x07,0xB4,0x24,0xEC,0x3B,0x38,0x0C,0xA8,0x09,0x24,0x01,0x42,0x00,0x40,0x00,0x00,"接",//4
      |                                                                                }    }
  224 | 0x00,0x00,0x00,0x00,0x0F,0xF8,0x0A,0x48,0x06,0x90,0x3F,0xF0,0x0A,0x94,0x10,0x98,
      | {{
  225 | 0x00,0x30,0x07,0xC0,0x09,0x00,0x11,0x7E,0x31,0x80,0x02,0x00,0x00,0x00,0x00,0x00,"断",//5
      |                                                                                }    }
  226 | 0x00,0x00,0x01,0x00,0x01,0x00,0x01,0x04,0x01,0x18,0x09,0xE0,0x1F,0x00,0x11,0x00,
      | {{
  227 | 0x11,0x00,0x1F,0xFC,0x11,0x00,0x11,0x00,0x02,0x00,0x02,0x00,0x00,0x00,0x00,0x00,"开",//6
      |                                                                                }    }
  228 | 0x00,0x00,0x00,0x00,0x00,0x40,0x00,0x40,0x00,0x44,0x3C,0x48,0x17,0xF0,0x29,0x40,
      | {{
  229 | 0x29,0x40,0x39,0x40,0x22,0xFE,0x06,0x40,0x02,0x80,0x00,0x80,0x00,0x80,0x00,0x00,"异",//7
      |                                                                                }    }
  230 | 0x00,0x00,0x00,0x00,0x03,0x00,0x04,0x00,0x24,0x38,0x17,0x20,0x06,0xA0,0x7A,0xFF,
      | {{
  231 | 0x0A,0xC0,0x1B,0x48,0x2A,0x4C,0x2A,0x78,0x0C,0x00,0x0C,0x00,0x00,0x00,0x00,0x00,"常",//8
      |                                                                                }    }
  232 | 0x00,0x00,0x00,0x00,0x04,0x00,0x04,0x02,0x05,0xC2,0x05,0x22,0x15,0xAA,0x3F,0xFC,
      | {{
  233 | 0x2A,0x54,0x6A,0x54,0x0B,0xC4,0x0B,0x04,0x08,0x04,0x08,0x00,0x08,0x00,0x00,0x00,"重",//9
      |                                                                                }    }
  234 | 0x00,0x00,0x00,0x08,0x00,0x08,0x11,0xF8,0x08,0x08,0x00,0x48,0x09,0x44,0x0F,0x44,
      | {{
  235 | 0x79,0x44,0x2F,0xFC,0x11,0x46,0x12,0x46,0x00,0x46,0x00,0x84,0x00,0x04,0x00,0x00,"连",//10
      |                                                                                }    }
  236 | 0x00,0x00,0x00,0x00,0x00,0x04,0x01,0x08,0x01,0x10,0x11,0x60,0x13,0x80,0x1E,0x70,
      | {{
  237 | 0x12,0x8C,0x12,0x04,0x02,0x04,0x02,0x04,0x00,0x04,0x00,0x04,0x00,0x1C,0x00,0x00,"无",//11
      |                                                                                }    }
  238 | 0x00,0x00,0x00,0x00,0x02,0x18,0x03,0x70,0x10,0x40,0x08,0x44,0x00,0x48,0x00,0x58,
      | {{
  239 | 0x02,0x68,0x3F,0x88,0x04,0x88,0x04,0xB0,0x00,0x9C,0x00,0x80,0x00,0x80,0x00,0x00,"法",//12
      |                                                                                }    }
  240 | 0x00,0x00,0x00,0x00,0x00,0x82,0x08,0x82,0x09,0x42,0x0A,0x7A,0x0C,0x6A,0x7F,0xAA,
      | {{
  241 | 0x08,0xAA,0x14,0xB4,0x12,0xC4,0x11,0x04,0x01,0x04,0x00,0x80,0x00,0x00,0x00,0x00,"查",//13
      |                                                                                }    }
  242 | 0x00,0x00,0x01,0x04,0x01,0x08,0x01,0x10,0x01,0x20,0x05,0xC0,0x17,0x7E,0x1D,0x6A,
      | {{
  243 | 0x25,0x6C,0x2A,0x84,0x4A,0x82,0x02,0xFE,0x02,0x00,0x02,0x00,0x02,0x00,0x00,0x00,"看",//14
      |                                                                                }    }
......
  246 | 0x00,0x00,0x00,0x00,0x00,0x00,0x00,0x3C,0x0F,0x20,0x11,0x20,0x1B,0x78,0x55,0xC8,
      | {{
  247 | 0x3E,0x50,0x12,0x70,0x13,0x42,0x1C,0x42,0x00,0x7E,0x00,0x00,0x00,0x00,0x00,0x00,"离",//0
      |                                                                                }    }
  248 | 0x00,0x00,0x00,0x08,0x01,0x08,0x13,0xF0,0x10,0x08,0x00,0x48,0x10,0x88,0x11,0x08,
      | {{
  249 | 0x12,0x04,0x1F,0xE4,0x10,0x04,0x11,0x04,0x11,0x84,0x00,0xC4,0x00,0x04,0x00,0x00,"还",//1
      |                                                                                }    }
  250 | 0x00,0x00,0x00,0x00,0x08,0x20,0x08,0x40,0x08,0x80,0x09,0x0C,0x0F,0xF0,0x79,0x50,
      | {{
  251 | 0x49,0x40,0x0A,0x00,0x0B,0xFE,0x10,0x00,0x10,0x00,0x10,0x00,0x00,0x00,0x00,0x00,"有",//2
      |                                                                                }    }
  252 | 0x00,0x00,0x00,0x00,0x00,0x04,0x00,0x04,0x00,0x04,0x02,0x88,0x02,0x68,0x22,0x08,
      | {{
  253 | 0x12,0x18,0x12,0x68,0x04,0x88,0x04,0x08,0x00,0x08,0x00,0x08,0x00,0x08,0x00,0x00,"立",//0
      |                                                                                }    }
  254 | 0x00,0x00,0x00,0x08,0x00,0x08,0x01,0x10,0x01,0x20,0x15,0xEC,0x17,0x32,0x79,0x54,
      | {{
  255 | 0x15,0x54,0x1A,0xFE,0x22,0xA0,0x02,0x40,0x00,0x20,0x00,0x30,0x00,0x00,0x00,0x00,"春",//1
      |                                                                                }    }
  256 | 0x00,0x00,0x00,0x00,0x02,0x10,0x02,0x10,0x02,0x60,0x03,0x80,0x02,0x04,0x3F,0xFE,
      | {{
  257 | 0x01,0x00,0x02,0x80,0x04,0x40,0x18,0x60,0x00,0x30,0x00,0x20,0x00,0x00,0x00,0x00,"水",//2
      |                                                                                }    }
  258 | 0x00,0x00,0x03,0x80,0x00,0x00,0x37,0xFC,0x28,0x00,0x0C,0x00,0x04,0x18,0x05,0x80,
      | {{
  259 | 0x05,0x44,0x25,0x7E,0x05,0x40,0x07,0x80,0x09,0x10,0x08,0x08,0x00,0x00,0x00,0x00,"惊",//3
      |                                                                                }    }
  260 | 0x00,0x00,0x00,0x00,0x01,0x00,0x01,0x02,0x05,0xB2,0x3F,0xEA,0x08,0x2C,0x08,0xFC,
      | {{
  261 | 0x0B,0x2C,0x3E,0x3C,0x0E,0x24,0x09,0x06,0x00,0x80,0x00,0x80,0x01,0x80,0x00,0x00,"蛰",//4
      |                                                                                }    }
  262 | 0x00,0x00,0x00,0x00,0x00,0x80,0x01,0x44,0x06,0x48,0x1C,0xB0,0x40,0xC0,0x40,0x86,
      | {{
  263 | 0x30,0x86,0x08,0xBC,0x04,0xC0,0x03,0x00,0x03,0x00,0x01,0x00,0x01,0x00,0x00,0x00,"分",//5
      |                                                                                }    }
  264 | 0x00,0x00,0x00,0x00,0x02,0x0C,0x00,0x70,0x10,0x80,0x01,0x00,0x01,0x00,0x15,0xFC,
      | {{
  265 | 0x16,0xB0,0x7E,0x90,0x1A,0x82,0x2A,0xFE,0x02,0x00,0x02,0x00,0x02,0x00,0x00,0x00,"清",//6
      |                                                                                }    }
  266 | 0x00,0x00,0x00,0x00,0x0D,0xE0,0x0A,0x40,0x0A,0x40,0x10,0x42,0x0F,0xC4,0x00,0x18,
      | {{
  267 | 0x3B,0xE0,0x14,0x80,0x24,0x80,0x24,0x84,0x37,0x0E,0x38,0xF8,0x00,0x00,0x00,0x00,"明",//7
      |                                                                                }    }
  268 | 0x00,0x00,0x00,0x00,0x00,0x10,0x04,0x20,0x18,0x60,0x10,0xBE,0x03,0x22,0x04,0x24,
      | {{
  269 | 0x02,0x24,0x01,0x2C,0x10,0xB0,0x18,0x50,0x00,0x60,0x00,0x20,0x00,0x20,0x00,0x00,"谷",//8
      |                                                                                }    }
  270 | 0x00,0x00,0x00,0x00,0x00,0x04,0x10,0x08,0x27,0x12,0x25,0xE2,0x3A,0xB4,0x2D,0xAC,
      | {{
  271 | 0x2D,0xD8,0x2F,0xA4,0x28,0x02,0x40,0x02,0x00,0x03,0x00,0x01,0x00,0x00,0x00,0x00,"夏",//9
      |                                                                                }    }
  272 | 0x00,0x00,0x00,0x00,0x02,0x1C,0x10,0x60,0x08,0x00,0x08,0x7C,0x08,0x40,0x39,0xE0,
      | {{
  273 | 0x09,0x68,0x0E,0x70,0x7B,0xE0,0x0A,0x94,0x12,0x86,0x00,0xF8,0x00,0x00,0x00,0x00,"满",//10
      |                                                                                }    }
  274 | 0x00,0x00,0x00,0x00,0x00,0x40,0x04,0x40,0x04,0x40,0x28,0x7C,0x3C,0x44,0x08,0x44,
      | {{
  275 | 0x09,0x44,0x0C,0x44,0x38,0x84,0x08,0x84,0x10,0x84,0x00,0x80,0x00,0x00,0x00,0x00,"芒",//11
      |                                                                                }    }
  276 | 0x00,0x00,0x00,0x10,0x01,0x20,0x0A,0x40,0x0B,0x80,0x1F,0xF8,0x24,0x80,0x02,0x00,
      | {{
  277 | 0x03,0xC0,0x02,0x40,0x3B,0x7E,0x24,0x80,0x04,0x80,0x07,0x80,0x04,0x00,0x00,0x00,"种",//12
      |                                                                                }    }
  278 | 0x00,0x00,0x00,0x04,0x00,0x04,0x00,0x04,0x01,0x04,0x13,0x24,0x15,0x24,0x19,0xFC,
      | {{
  279 | 0x11,0xA4,0x21,0x24,0x26,0x24,0x23,0x04,0x00,0x08,0x00,0x04,0x00,0x04,0x00,0x00,"至",//13
      |                                                                                }    }
  280 | 0x00,0x00,0x00,0x00,0x00,0x44,0x00,0x44,0x20,0x48,0x3C,0x90,0x35,0xBC,0x37,0xCA,
      | {{
  281 | 0x3A,0xA2,0x2B,0xA2,0x76,0xBF,0x20,0x80,0x00,0x80,0x00,0x80,0x00,0x80,0x00,0x00,"暑",//14
      |                                                                                }    }
  282 | 0x00,0x00,0x01,0x10,0x01,0x20,0x01,0x40,0x09,0x80,0x17,0xFC,0x32,0x40,0x01,0x08,
      | {{
  283 | 0x01,0x10,0x23,0xE0,0x1C,0x40,0x01,0x20,0x06,0x18,0x00,0x08,0x00,0x08,0x00,0x00,"秋",//15
      |                                                                                }    }
  284 | 0x00,0x00,0x00,0x04,0x00,0x84,0x03,0x08,0x3C,0x90,0x22,0x60,0x07,0xA0,0x06,0x10,
      | {{
  285 | 0x00,0x18,0x20,0x78,0x3F,0x84,0x02,0x06,0x03,0x04,0x01,0x02,0x00,0x00,0x00,0x00,"处",//16
      |                                                                                }    }
  286 | 0x00,0x00,0x00,0x00,0x00,0x00,0x03,0x00,0x03,0xFC,0x06,0x48,0x0A,0x48,0x32,0x48,
      | {{
  287 | 0x02,0x88,0x02,0x08,0x04,0x08,0x04,0x1C,0x07,0xE0,0x00,0x00,0x00,0x00,0x00,0x00,"白",//17
      |                                                                                }    }
  288 | 0x00,0x00,0x00,0x04,0x06,0x1C,0x08,0xD4,0x0A,0xAC,0x2E,0xD4,0x29,0xD0,0x3E,0x50,
      | {{
  289 | 0x28,0x9E,0x09,0x6A,0x11,0x6A,0x11,0xAE,0x18,0x18,0x08,0x10,0x00,0x10,0x00,0x00,"露",//18
      |                                                                                }    }
  290 | 0x00,0x00,0x00,0x00,0x00,0x04,0x18,0x44,0x08,0x48,0x0B,0x70,0x57,0xC0,0x73,0x54,
      | {{
  291 | 0x1F,0xDA,0x15,0xA0,0x14,0x90,0x18,0x98,0x10,0x08,0x00,0x08,0x00,0x00,0x00,0x00,"寒",//19
      |                                                                                }    }
  292 | 0x00,0x00,0x00,0x00,0x06,0x08,0x08,0x30,0x04,0x20,0x09,0xFC,0x28,0x50,0x3F,0x00,
      | {{
  293 | 0x28,0x7C,0x2E,0x6C,0x0D,0x84,0x10,0xB6,0x18,0xCC,0x08,0x00,0x00,0x00,0x00,0x00,"霜",//20
      |                                                                                }    }
  294 | 0x00,0x00,0x00,0x00,0x1F,0xFC,0x11,0x00,0x3F,0x00,0x21,0x00,0x00,0xB0,0x09,0x50,
      | {{
  295 | 0x76,0x50,0x15,0xFF,0x1A,0x50,0x11,0x10,0x01,0x00,0x01,0x00,0x01,0x00,0x00,0x00,"降",//21
      |                                                                                }    }
  296 | 0x00,0x00,0x00,0x00,0x00,0x00,0x00,0x20,0x04,0x40,0x0C,0x40,0x12,0x88,0x6B,0x24,
      | {{
  297 | 0x0B,0x24,0x1C,0x82,0x08,0x80,0x00,0x40,0x00,0x60,0x00,0x20,0x00,0x20,0x00,0x00,"冬",//22
      |                                                                                }    }
  298 | 
  299 | 0x00,0x00,0x00,0x00,0x00,0x00,0x1C,0x00,0x13,0x80,0x12,0x80,0x12,0x80,0x1F,0xFE,
      | {{
  300 | 0x14,0x80,0x14,0x80,0x20,0x80,0x27,0x00,0x1C,0x00,0x10,0x00,0x00,0x00,0x00,0x00,"甲",//0
      |                                                                                }    }
  301 | 0x00,0x00,0x00,0x00,0x00,0x00,0x08,0xF8,0x09,0x08,0x0E,0x08,0x1C,0x04,0x18,0x04,
      | {{
  302 | 0x10,0x04,0x00,0x04,0x00,0x0C,0x00,0x08,0x00,0x08,0x00,0x78,0x00,0x00,0x00,0x00,"乙",//1
      |                                                                                }    }
  303 | 0x00,0x00,0x00,0x00,0x09,0x00,0x09,0xFC,0x09,0x08,0x09,0x10,0x11,0x60,0x1F,0x80,
      | {{
  304 | 0x11,0x40,0x11,0x20,0x12,0x24,0x12,0x06,0x13,0xFC,0x10,0x00,0x00,0x00,0x00,0x00,"丙",//2
      |                                                                                }    }
  305 | 0x00,0x00,0x00,0x00,0x08,0x00,0x08,0x00,0x08,0x00,0x08,0x00,0x08,0x04,0x08,0x06,
      | {{
  306 | 0x0F,0xFC,0x10,0x00,0x10,0x00,0x10,0x00,0x10,0x00,0x10,0x00,0x10,0x00,0x00,0x00,"丁",//3
      |                                                                                }    }
  307 | 0x00,0x00,0x00,0x00,0x00,0x08,0x00,0x10,0x03,0xE0,0x02,0x00,0x42,0x00,0x7E,0x00,
      | {{
  308 | 0x05,0x88,0x04,0x70,0x08,0x70,0x21,0x8C,0x20,0x06,0x00,0x06,0x00,0x00,0x00,0x00,"戊",//4
      |                                                                                }    }
  309 | 0x00,0x00,0x00,0x00,0x00,0x00,0x03,0xF0,0x09,0x08,0x12,0x04,0x12,0x04,0x12,0x04,
      | {{
  310 | 0x3E,0x04,0x10,0x04,0x00,0x04,0x00,0x08,0x00,0x08,0x00,0x38,0x00,0x00,0x00,0x00,"己",//5
      |                                                                                }    }
  311 | 0x00,0x00,0x00,0x04,0x00,0x08,0x00,0x72,0x03,0x82,0x0C,0x82,0x08,0xA4,0x49,0xB8,
      | {{
  312 | 0x6F,0xE0,0x12,0xB0,0x12,0xCC,0x13,0x06,0x01,0x02,0x01,0x02,0x00,0x02,0x00,0x00,"庚",//6
      |                                                                                }    }
  313 | 0x00,0x00,0x00,0x00,0x00,0x80,0x00,0xA0,0x01,0x20,0x09,0x20,0x17,0x20,0x53,0xFF,
      | {{
  314 | 0x35,0x40,0x19,0x40,0x11,0x40,0x02,0x40,0x02,0x00,0x02,0x00,0x02,0x00,0x00,0x00,"辛",//7
      |                                                                                }    }
  315 | 0x00,0x00,0x00,0x00,0x00,0x40,0x00,0x80,0x00,0x84,0x00,0x84,0x08,0x84,0x08,0xF4,
      | {{
  316 | 0x0F,0x88,0x30,0x88,0x10,0x88,0x00,0x88,0x01,0x80,0x01,0x80,0x00,0x80,0x00,0x00,"壬",//8
      |                                                                                }    }
  317 | 0x00,0x00,0x00,0x20,0x00,0x40,0x04,0xA0,0x13,0x22,0x1C,0xA4,0x10,0xB8,0x01,0xE0,
      | {{
  318 | 0x19,0x20,0x65,0x28,0x2A,0x4C,0x31,0x06,0x10,0x80,0x00,0xC0,0x00,0x40,0x00,0x00,"癸",//9
      |                                                                                }    }
  319 | 0x00,0x00,0x00,0x00,0x00,0x80,0x00,0x80,0x11,0x00,0x11,0x04,0x11,0x02,0x15,0x02,
      | {{
  320 | 0x27,0xFC,0x29,0x00,0x31,0x00,0x02,0x00,0x02,0x00,0x02,0x00,0x00,0x00,0x00,0x00,"子",//10
      |                                                                                }    }
  321 | 0x00,0x00,0x00,0x04,0x00,0x04,0x00,0x04,0x00,0x84,0x08,0xB8,0x0B,0xC8,0x0C,0x88,
      | {{
  322 | 0x10,0x88,0x10,0x98,0x1F,0xE8,0x1C,0x08,0x00,0x08,0x00,0x08,0x00,0x08,0x00,0x00,"丑",//11
      |                                                                                }    }
  323 | 0x00,0x00,0x00,0x00,0x0C,0x00,0x10,0x02,0x08,0xC4,0x10,0xB8,0x14,0xD0,0x77,0xE0,
      | {{
  324 | 0x15,0x50,0x15,0x18,0x11,0xE4,0x10,0x86,0x18,0x00,0x10,0x00,0x00,0x00,0x00,0x00,"寅",//12
      |                                                                                }    }
  325 | 0x00,0x00,0x00,0x00,0x00,0x40,0x0F,0xC4,0x10,0x88,0x20,0xB0,0x6F,0xC0,0x00,0x00,
      | {{
  326 | 0x00,0x02,0x0F,0xFC,0x08,0x00,0x10,0x80,0x19,0x80,0x1E,0x00,0x00,0x00,0x00,0x00,"卯",//13
      |                                                                                }    }
  327 | 0x00,0x04,0x00,0x04,0x00,0x18,0x00,0x20,0x01,0xC0,0x1E,0x82,0x15,0xFE,0x25,0x84,
      | {{
  328 | 0x25,0x48,0x29,0x20,0x2A,0x50,0x03,0x98,0x00,0x8C,0x00,0x04,0x00,0x04,0x00,0x00,"辰",//14
      |                                                                                }    }
  329 | 0x00,0x00,0x00,0x00,0x00,0x00,0x0F,0xF0,0x09,0x08,0x11,0x04,0x11,0x04,0x17,0x04,
      | {{
  330 | 0x18,0x04,0x10,0x04,0x00,0x04,0x00,0x0C,0x00,0x08,0x00,0x38,0x00,0x00,0x00,0x00,"巳",//15
      |                                                                                }    }
  331 | 0x00,0x00,0x00,0x80,0x00,0x80,0x02,0x80,0x04,0x80,0x08,0x80,0x34,0x80,0x08,0x80,
      | {{
  332 | 0x0F,0xFE,0x08,0x80,0x09,0x00,0x01,0x00,0x01,0x00,0x01,0x00,0x01,0x00,0x00,0x00,"午",//16
      |                                                                                }    }
  333 | 0x00,0x00,0x00,0x00,0x00,0x08,0x01,0x08,0x01,0x10,0x01,0x60,0x05,0x80,0x7F,0xFF,
      | {{
  334 | 0x0A,0x80,0x02,0x60,0x02,0x30,0x00,0x18,0x00,0x18,0x00,0x08,0x00,0x08,0x00,0x00,"未",//17
      |                                                                                }    }
  335 | 0x00,0x00,0x00,0x00,0x00,0x00,0x06,0x00,0x05,0xE0,0x05,0x20,0x05,0x40,0x45,0x7E,
      | {{
  336 | 0x7F,0xC0,0x05,0x40,0x08,0x40,0x08,0xC0,0x0F,0x00,0x04,0x00,0x00,0x00,0x00,0x00,"申",//18
      |                                                                                }    }
  337 | 0x00,0x00,0x00,0x00,0x10,0x00,0x10,0x00,0x13,0xFC,0x12,0x44,0x1F,0x84,0x12,0x24,
      | {{
  338 | 0x17,0x24,0x1A,0xA4,0x24,0x04,0x27,0xFE,0x20,0x00,0x20,0x00,0x00,0x00,0x00,0x00,"酉",//19
      |                                                                                }    }
  339 | 0x00,0x00,0x00,0x04,0x00,0x08,0x03,0xF0,0x02,0x20,0x02,0x20,0x02,0x40,0x7C,0x48,
      | {{
  340 | 0x07,0x90,0x04,0x60,0x00,0x50,0x21,0x88,0x30,0x04,0x00,0x0E,0x00,0x02,0x00,0x00,"戌",//20
      |                                                                                }    }
  341 | 0x00,0x00,0x00,0x00,0x04,0x00,0x04,0x04,0x04,0x08,0x04,0xD0,0x05,0x64,0x06,0x64,
      | {{
  342 | 0x28,0x88,0x0B,0xB0,0x0A,0x68,0x08,0x44,0x08,0x02,0x08,0x00,0x08,0x00,0x00,0x00,"亥",//21
      |                                                                                }    }
  343 | 
  344 | 0x00,0x00,0x00,0x00,0x00,0x00,0x00,0x00,0x00,0x00,0x00,0x00,0x00,0x00,0x00,0x00,
      | {{
  345 | 0x00,0x00,0x00,0x00,0x00,0x00,0x00,0x00,0x00,0x00,0x00,0x00,0x00,0x00,0x00,0x00," ",//0
      |                                                                                }   }
  346 | 0x00,0x00,0x00,0x00,0x00,0x00,0x00,0x00,0x00,0x00,0x00,0x00,0x3C,0x0C,0x3F,0xEC,
      | {{
  347 | 0x3F,0xEC,0x30,0x0C,0x00,0x00,0x00,0x00,0x00,0x00,0x00,0x00,0x00,0x00,0x00,0x00,"!",//1
      |                                                                                }   }
  348 | 0x00,0x00,0x00,0x00,0x00,0x00,0x00,0x00,0x1C,0x00,0x1C,0x00,0x10,0x00,0x00,0x00,
      | {{
  349 | 0x00,0x00,0x1C,0x00,0x1C,0x00,0x10,0x00,0x00,0x00,0x00,0x00,0x00,0x00,0x00,0x00,"\"",//2
      |                                                                                }    }
  350 | 0x00,0x00,0x02,0x20,0x02,0x24,0x02,0x7C,0x07,0xF8,0x1F,0xA0,0x1A,0x20,0x02,0x20,
      | {{
  351 | 0x02,0x20,0x02,0x3C,0x03,0xFC,0x1F,0xE0,0x1E,0x20,0x02,0x20,0x02,0x20,0x00,0x00,"#",//3
      |                                                                                }   }
  352 | 0x00,0x00,0x00,0x00,0x0E,0x30,0x0E,0x38,0x1F,0x38,0x11,0x0C,0x11,0x04,0x3F,0xFE,
      | {{
  353 | 0x3F,0xFE,0x10,0x8C,0x18,0xCC,0x1C,0x78,0x0C,0x78,0x00,0x30,0x00,0x00,0x00,0x00,"$",//4
      |                                                                                }   }
  354 | 0x00,0x00,0x0F,0x00,0x1F,0x00,0x10,0x84,0x11,0x18,0x1F,0x30,0x0F,0x40,0x00,0x80,
      | {{
  355 | 0x01,0x00,0x02,0x78,0x04,0xFC,0x08,0x84,0x10,0x84,0x00,0x78,0x00,0x78,0x00,0x00,"%",//5
      |                                                                                }   }
  356 | 0x00,0x00,0x00,0x70,0x00,0x78,0x0E,0xD8,0x1F,0x8C,0x1B,0x84,0x11,0xC4,0x11,0xE4,
      | {{
  357 | 0x13,0x64,0x1E,0x3C,0x0E,0x38,0x00,0x38,0x00,0x78,0x00,0x68,0x00,0x08,0x00,0x00,"&",//6
      |                                                                                }   }
  358 | 0x00,0x00,0x00,0x00,0x00,0x00,0x00,0x00,0x00,0x00,0x00,0x00,0x1C,0x00,0x1C,0x00,
      | {{
  359 | 0x00,0x00,0x00,0x00,0x00,0x00,0x00,0x00,0x00,0x00,0x00,0x00,0x00,0x00,0x00,0x00,"'",//7
      |                                                                                }   }
  360 | 0x00,0x00,0x00,0x00,0x00,0x00,0x00,0x00,0x00,0x00,0x00,0x00,0x00,0x00,0x01,0xC0,
      | {{
  361 | 0x07,0xF0,0x0E,0x38,0x18,0x08,0x10,0x04,0x20,0x06,0x60,0x02,0x00,0x02,0x00,0x00,"(",//8
      |                                                                                }   }
  362 | 0x00,0x00,0x20,0x02,0x20,0x02,0x30,0x04,0x18,0x0C,0x0C,0x18,0x0F,0xF0,0x03,0xE0,
      | {{
  363 | 0x00,0x00,0x00,0x00,0x00,0x00,0x00,0x00,0x00,0x00,0x00,0x00,0x00,0x00,0x00,0x00,")",//9
      |                                                                                }   }
  364 | 0x00,0x00,0x04,0x80,0x0C,0x80,0x05,0x80,0x05,0x00,0x07,0x00,0x03,0x00,0x1F,0xE0,
      | {{
  365 | 0x1F,0xE0,0x03,0x00,0x07,0x00,0x05,0x00,0x05,0x80,0x0C,0x80,0x04,0x80,0x00,0x00,"*",//10
      |                                                                                }   }
  366 | 0x00,0x00,0x00,0x80,0x00,0x80,0x00,0x80,0x00,0x80,0x00,0x80,0x00,0x80,0x07,0xF0,
      | {{
  367 | 0x07,0xF0,0x00,0x80,0x00,0x80,0x00,0x80,0x00,0x80,0x00,0x80,0x00,0x80,0x00,0x00,"+",//11
      |                                                                                }   }
  368 | 0x00,0x00,0x00,0x00,0x00,0x08,0x00,0x0D,0x00,0x0E,0x00,0x0E,0x00,0x00,0x00,0x00,
      | {{
  369 | 0x00,0x00,0x00,0x00,0x00,0x00,0x00,0x00,0x00,0x00,0x00,0x00,0x00,0x00,0x00,0x00,",",//12
      |                                                                                }   }
  370 | 0x00,0x00,0x00,0x80,0x00,0x80,0x00,0x80,0x00,0x80,0x00,0x80,0x00,0x80,0x00,0x80,
      | {{
  371 | 0x00,0x80,0x00,0x80,0x00,0x80,0x00,0x80,0x00,0x80,0x00,0x80,0x00,0x80,0x00,0x00,"-",//13
      |                                                                                }   }
  372 | 0x00,0x00,0x00,0x00,0x00,0x08,0x00,0x0C,0x00,0x0C,0x00,0x08,0x00,0x00,0x00,0x00,
      | {{
  373 | 0x00,0x00,0x00,0x00,0x00,0x00,0x00,0x00,0x00,0x00,0x00,0x00,0x00,0x00,0x00,0x00,".",//14
      |                                                                                }   }
  374 | 0x00,0x00,0x00,0x04,0x00,0x0C,0x00,0x18,0x00,0x30,0x00,0x20,0x00,0x40,0x00,0x80,
      | {{
  375 | 0x01,0x00,0x03,0x00,0x06,0x00,0x0C,0x00,0x18,0x00,0x30,0x00,0x20,0x00,0x00,0x00,"/",//15
      |                                                                                }   }
  376 | 0x00,0x00,0x03,0xE0,0x07,0xF0,0x0F,0xF8,0x1C,0x18,0x18,0x08,0x10,0x0C,0x10,0x04,
      | {{
  377 | 0x10,0x04,0x10,0x0C,0x18,0x08,0x0C,0x18,0x0F,0xF8,0x07,0xF0,0x00,0x00,0x00,0x00,"0",//16
      |                                                                                }   }
  378 | 0x00,0x00,0x00,0x00,0x00,0x00,0x04,0x00,0x04,0x00,0x0C,0x00,0x08,0x00,0x1F,0xFC,
      | {{
  379 | 0x1F,0xFC,0x1F,0xFC,0x00,0x00,0x00,0x00,0x00,0x00,0x00,0x00,0x00,0x00,0x00,0x00,"1",//17
      |                                                                                }   }
  380 | 0x00,0x00,0x04,0x04,0x0C,0x0C,0x0C,0x0C,0x18,0x1C,0x10,0x3C,0x10,0x3C,0x10,0x6C,
      | {{
  381 | 0x10,0x6C,0x10,0xCC,0x19,0x8C,0x1F,0x8C,0x0F,0x0C,0x06,0x0C,0x00,0x00,0x00,0x00,"2",//18
      |                                                                                }   }
  382 | 0x00,0x00,0x00,0x00,0x0C,0x10,0x0C,0x18,0x18,0x08,0x10,0x0C,0x10,0x04,0x10,0x84,
      | {{
  383 | 0x11,0x84,0x11,0x8C,0x11,0x88,0x1F,0xD8,0x0E,0x78,0x0C,0x70,0x00,0x00,0x00,0x00,"3",//19
      |                                                                                }   }
  384 | 0x00,0x20,0x00,0x60,0x00,0x60,0x00,0xE0,0x01,0xA0,0x03,0x20,0x03,0x20,0x06,0x20,
      | {{
  385 | 0x0C,0x20,0x0C,0x20,0x1F,0xFC,0x1F,0xFC,0x00,0x20,0x00,0x20,0x00,0x20,0x00,0x00,"4",//20
      |                                                                                }   }
  386 | 0x00,0x00,0x00,0x10,0x07,0x98,0x1F,0x08,0x1D,0x0C,0x11,0x04,0x11,0x04,0x13,0x04,
      | {{
  387 | 0x11,0x04,0x11,0x0C,0x11,0x08,0x11,0xB8,0x11,0xF8,0x00,0xF0,0x00,0x00,0x00,0x00,"5",//21
      |                                                                                }   }
  388 | 0x00,0x00,0x00,0x60,0x00,0xF8,0x01,0xF8,0x03,0x88,0x07,0x0C,0x07,0x04,0x0D,0x04,
      | {{
  389 | 0x19,0x04,0x19,0x04,0x11,0x0C,0x01,0x08,0x01,0xF8,0x00,0xF8,0x00,0xF0,0x00,0x00,"6",//22
      |                                                                                }   }
  390 | 0x00,0x00,0x10,0x00,0x10,0x00,0x10,0x00,0x10,0x04,0x10,0x1C,0x10,0x3C,0x10,0x78,
      | {{
  391 | 0x10,0xE0,0x11,0x80,0x13,0x00,0x16,0x00,0x1C,0x00,0x18,0x00,0x10,0x00,0x00,0x00,"7",//23
      |                                                                                }   }
  392 | 0x00,0x00,0x00,0x70,0x0E,0x78,0x0F,0xD8,0x19,0x8C,0x11,0x8C,0x11,0x84,0x11,0x84,
      | {{
  393 | 0x11,0x84,0x11,0x8C,0x19,0x8C,0x1F,0xD8,0x0E,0xF8,0x04,0x70,0x00,0x00,0x00,0x00,"8",//24
      |                                                                                }   }
  394 | 0x00,0x00,0x07,0x00,0x0F,0x80,0x1D,0x80,0x18,0xC4,0x10,0xC4,0x10,0x4C,0x10,0x58,
      | {{
  395 | 0x10,0xF0,0x10,0xE0,0x18,0xE0,0x1F,0xC0,0x0F,0x80,0x07,0x00,0x00,0x00,0x00,0x00,"9",//25
      |                                                                                }   }
  396 | 0x00,0x00,0x00,0x00,0x00,0x00,0x00,0x00,0x00,0x00,0x00,0x00,0x01,0x8C,0x01,0x8C,
      | {{
  397 | 0x01,0x8C,0x00,0x00,0x00,0x00,0x00,0x00,0x00,0x00,0x00,0x00,0x00,0x00,0x00,0x00,":",//26
      |                                                                                }   }
  398 | 0x00,0x00,0x00,0x00,0x00,0x00,0x00,0x00,0x00,0x00,0x00,0x00,0x01,0x8D,0x01,0x8E,
      | {{
  399 | 0x01,0x8E,0x00,0x04,0x00,0x00,0x00,0x00,0x00,0x00,0x00,0x00,0x00,0x00,0x00,0x00,";",//27
      |                                                                                }   }
  400 | 0x00,0x00,0x00,0x80,0x00,0x80,0x01,0xC0,0x01,0x40,0x02,0x40,0x02,0x20,0x06,0x20,
      | {{
  401 | 0x04,0x10,0x0C,0x10,0x08,0x18,0x08,0x08,0x10,0x0C,0x10,0x04,0x00,0x04,0x00,0x00,"<",//28
      |                                                                                }   }
  402 | 0x00,0x00,0x02,0x20,0x02,0x20,0x02,0x20,0x02,0x20,0x02,0x20,0x02,0x20,0x02,0x20,
      | {{
  403 | 0x02,0x20,0x02,0x20,0x02,0x20,0x02,0x20,0x02,0x20,0x02,0x20,0x02,0x20,0x00,0x00,"=",//29
      |                                                                                }   }
  404 | 0x00,0x00,0x00,0x04,0x10,0x04,0x10,0x08,0x08,0x08,0x08,0x18,0x04,0x10,0x04,0x30,
      | {{
  405 | 0x06,0x20,0x02,0x20,0x03,0x40,0x01,0x40,0x01,0x80,0x00,0x80,0x00,0x00,0x00,0x00,">",//30
      |                                                                                }   }
  406 | 0x00,0x00,0x00,0x00,0x0C,0x00,0x0C,0x00,0x1C,0x00,0x18,0x00,0x10,0x4C,0x10,0xCC,
      | {{
  407 | 0x10,0xCC,0x11,0x80,0x1B,0x00,0x1F,0x00,0x0E,0x00,0x04,0x00,0x00,0x00,0x00,0x00,"?",//31
      |                                                                                }   }
  408 | 0x00,0x00,0x03,0xE0,0x04,0x10,0x08,0x08,0x09,0xE4,0x13,0xE4,0x12,0x14,0x14,0x14,
      | {{
  409 | 0x14,0x24,0x15,0xE4,0x17,0xA4,0x16,0x14,0x08,0x28,0x0C,0x60,0x07,0xC0,0x00,0x00,"@",//32
      |                                                                                }   }
  410 | 0x00,0x04,0x00,0x0C,0x00,0x3C,0x00,0xF8,0x01,0xF0,0x07,0xC0,0x1F,0x40,0x1C,0x40,
      | {{
  411 | 0x1C,0x40,0x0F,0x40,0x07,0xC0,0x01,0xF0,0x00,0x7C,0x00,0x3C,0x00,0x0C,0x00,0x00,"A",//33
      |                                                                                }   }
  412 | 0x00,0x00,0x1F,0xFC,0x1F,0xFC,0x1F,0xFC,0x11,0x8C,0x11,0x8C,0x11,0x8C,0x11,0x8C,
      | {{
  413 | 0x11,0x8C,0x11,0x8C,0x19,0x8C,0x1F,0xD8,0x0F,0xF8,0x0E,0x78,0x00,0x30,0x00,0x00,"B",//34
      |                                                                                }   }
  414 | 0x00,0x00,0x03,0xE0,0x07,0xF0,0x0F,0xF8,0x0C,0x18,0x18,0x08,0x10,0x0C,0x10,0x04,
      | {{
  415 | 0x10,0x04,0x10,0x04,0x10,0x0C,0x18,0x18,0x0E,0x78,0x0E,0x70,0x06,0x60,0x00,0x00,"C",//35
      |                                                                                }   }
  416 | 0x00,0x00,0x1F,0xFC,0x1F,0xFC,0x1F,0xFC,0x10,0x0C,0x10,0x0C,0x10,0x0C,0x10,0x0C,
      | {{
  417 | 0x10,0x0C,0x18,0x08,0x18,0x18,0x0E,0x38,0x0F,0xF0,0x07,0xF0,0x01,0xC0,0x00,0x00,"D",//36
      |                                                                                }   }
  418 | 0x00,0x00,0x00,0x00,0x1F,0xFC,0x1F,0xFC,0x1F,0xFC,0x11,0x8C,0x11,0x8C,0x11,0x8C,
      | {{
  419 | 0x11,0x8C,0x11,0x8C,0x11,0x8C,0x11,0x8C,0x11,0x8C,0x10,0x0C,0x00,0x0C,0x00,0x00,"E",//37
      |                                                                                }   }
  420 | 0x00,0x00,0x1F,0xFC,0x1F,0xFC,0x1F,0xFC,0x10,0x80,0x10,0x80,0x10,0x80,0x10,0x80,
      | {{
  421 | 0x10,0x80,0x10,0x80,0x10,0x80,0x10,0x80,0x10,0x00,0x10,0x00,0x10,0x00,0x00,0x00,"F",//38
      |                                                                                }   }
  422 | 0x00,0x00,0x03,0xE0,0x07,0xF0,0x0F,0xF8,0x1C,0x18,0x18,0x0C,0x10,0x0C,0x10,0x04,
      | {{
  423 | 0x10,0xC4,0x10,0xC4,0x18,0xC8,0x1E,0xD8,0x0E,0xFC,0x06,0xFC,0x00,0x00,0x00,0x00,"G",//39
      |                                                                                }   }
  424 | 0x00,0x00,0x1F,0xFC,0x1F,0xFC,0x1F,0xFC,0x01,0x80,0x01,0x80,0x01,0x80,0x01,0x80,
      | {{
  425 | 0x01,0x80,0x01,0x80,0x01,0x80,0x1F,0xFC,0x1F,0xFC,0x1F,0xFC,0x00,0x00,0x00,0x00,"H",//40
      |                                                                                }   }
  426 | 0x00,0x00,0x00,0x00,0x00,0x00,0x00,0x00,0x00,0x00,0x00,0x00,0x1F,0xFC,0x1F,0xFC,
      | {{
  427 | 0x1F,0xFC,0x00,0x00,0x00,0x00,0x00,0x00,0x00,0x00,0x00,0x00,0x00,0x00,0x00,0x00,"I",//41
      |                                                                                }   }
  428 | 0x00,0x00,0x00,0x00,0x00,0x30,0x00,0x38,0x00,0x38,0x00,0x0C,0x00,0x0C,0x00,0x0C,
      | {{
  429 | 0x00,0x0C,0x00,0x0C,0x00,0x0C,0x1F,0xF8,0x1F,0xF8,0x1F,0xF0,0x00,0x00,0x00,0x00,"J",//42
      |                                                                                }   }
  430 | 0x00,0x00,0x1F,0xFC,0x1F,0xFC,0x1F,0xFC,0x01,0xC0,0x01,0x80,0x03,0x80,0x03,0xC0,
      | {{
  431 | 0x06,0xC0,0x0C,0xE0,0x0C,0x70,0x18,0x38,0x10,0x1C,0x10,0x0C,0x00,0x04,0x00,0x00,"K",//43
      |                                                                                }   }
  432 | 0x00,0x00,0x1F,0xFC,0x1F,0xFC,0x1F,0xFC,0x00,0x0C,0x00,0x0C,0x00,0x0C,0x00,0x0C,
      | {{
  433 | 0x00,0x0C,0x00,0x0C,0x00,0x0C,0x00,0x0C,0x00,0x0C,0x00,0x0C,0x00,0x0C,0x00,0x00,"L",//44
      |                                                                                }   }
  434 | 0x00,0x00,0x1F,0xFC,0x1F,0xFC,0x1F,0xFC,0x1F,0x00,0x0F,0xC0,0x01,0xF8,0x00,0x7C,
      | {{
  435 | 0x00,0x7C,0x03,0xF0,0x0F,0xC0,0x1E,0x00,0x1F,0xFC,0x1F,0xFC,0x1F,0xFC,0x00,0x00,"M",//45
      |                                                                                }   }
  436 | 0x00,0x00,0x1F,0xFC,0x1F,0xFC,0x1F,0xFC,0x1C,0x00,0x0E,0x00,0x07,0x00,0x01,0xC0,
      | {{
  437 | 0x00,0xE0,0x00,0x70,0x00,0x38,0x1F,0xFC,0x1F,0xFC,0x1F,0xFC,0x00,0x00,0x00,0x00,"N",//46
      |                                                                                }   }
  438 | 0x00,0x00,0x07,0xE0,0x0F,0xF0,0x0F,0xF8,0x18,0x18,0x18,0x0C,0x10,0x0C,0x10,0x04,
      | {{
  439 | 0x10,0x04,0x10,0x0C,0x18,0x0C,0x1C,0x38,0x0F,0xF8,0x07,0xF0,0x03,0xC0,0x00,0x00,"O",//47
      |                                                                                }   }
  440 | 0x00,0x00,0x00,0x00,0x1F,0xFC,0x1F,0xFC,0x1F,0xFC,0x10,0xC0,0x10,0xC0,0x10,0xC0,
      | {{
  441 | 0x10,0x80,0x10,0x80,0x18,0x80,0x19,0x80,0x0F,0x80,0x0F,0x00,0x06,0x00,0x00,0x00,"P",//48
      |                                                                                }   }
  442 | 0x00,0x00,0x07,0xE0,0x0F,0xF0,0x0F,0xF8,0x18,0x18,0x18,0x0C,0x10,0x0C,0x10,0x04,
      | {{
  443 | 0x10,0x24,0x10,0x7C,0x18,0x3C,0x1C,0x3C,0x0F,0xFC,0x07,0xF4,0x03,0xC0,0x00,0x00,"Q",//49
      |                                                                                }   }
  444 | 0x00,0x00,0x1F,0xFC,0x1F,0xFC,0x1F,0xFC,0x10,0x80,0x10,0x80,0x10,0x80,0x10,0x80,
      | {{
  445 | 0x10,0xC0,0x10,0xE0,0x19,0xF0,0x1F,0xB8,0x0F,0x1C,0x0F,0x0C,0x00,0x04,0x00,0x00,"R",//50
      |                                                                                }   }
  446 | 0x00,0x00,0x00,0x30,0x0E,0x38,0x0F,0x38,0x1F,0x08,0x11,0x0C,0x11,0x84,0x11,0x84,
      | {{
  447 | 0x10,0x84,0x10,0x8C,0x18,0xCC,0x1C,0xD8,0x0C,0x78,0x04,0x70,0x00,0x00,0x00,0x00,"S",//51
      |                                                                                }   }
  448 | 0x00,0x00,0x10,0x00,0x10,0x00,0x10,0x00,0x10,0x00,0x10,0x00,0x1F,0xFC,0x1F,0xFC,
      | {{
  449 | 0x1F,0xFC,0x10,0x00,0x10,0x00,0x10,0x00,0x10,0x00,0x10,0x00,0x00,0x00,0x00,0x00,"T",//52
      |                                                                                }   }
  450 | 0x00,0x00,0x1F,0xE0,0x1F,0xF8,0x1F,0xF8,0x00,0x1C,0x00,0x0C,0x00,0x04,0x00,0x04,
      | {{
  451 | 0x00,0x04,0x00,0x0C,0x00,0x0C,0x1F,0xF8,0x1F,0xF8,0x1F,0xF0,0x00,0x00,0x00,0x00,"U",//53
      |                                                                                }   }
  452 | 0x00,0x00,0x18,0x00,0x1E,0x00,0x1F,0x80,0x07,0xC0,0x01,0xF0,0x00,0x7C,0x00,0x1C,
      | {{
  453 | 0x00,0x3C,0x00,0xF8,0x03,0xE0,0x0F,0x80,0x1F,0x00,0x1C,0x00,0x10,0x00,0x00,0x00,"V",//54
      |                                                                                }   }
  454 | 0x10,0x00,0x1F,0x00,0x1F,0xF0,0x03,0xFC,0x00,0x3C,0x03,0xF8,0x1F,0xC0,0x1C,0x00,
      | {{
  455 | 0x1F,0x00,0x0F,0xF0,0x00,0xFC,0x00,0x7C,0x0F,0xFC,0x1F,0xC0,0x1C,0x00,0x00,0x00,"W",//55
      |                                                                                }   }
  456 | 0x00,0x00,0x00,0x04,0x10,0x0C,0x18,0x1C,0x1C,0x38,0x0E,0x70,0x03,0xE0,0x01,0xC0,
      | {{
  457 | 0x03,0xC0,0x07,0xE0,0x0E,0x70,0x1C,0x38,0x18,0x1C,0x10,0x0C,0x00,0x04,0x00,0x00,"X",//56
      |                                                                                }   }
  458 | 0x00,0x00,0x10,0x00,0x18,0x00,0x1C,0x00,0x0E,0x00,0x07,0x00,0x03,0xFC,0x01,0xFC,
      | {{
  459 | 0x01,0xFC,0x03,0x80,0x07,0x00,0x0E,0x00,0x1C,0x00,0x18,0x00,0x10,0x00,0x00,0x00,"Y",//57
      |                                                                                }   }
  460 | 0x00,0x00,0x00,0x0C,0x10,0x1C,0x10,0x1C,0x10,0x3C,0x10,0x6C,0x10,0xCC,0x11,0xCC,
      | {{
  461 | 0x13,0x8C,0x13,0x0C,0x16,0x0C,0x1C,0x0C,0x1C,0x0C,0x18,0x0C,0x00,0x0C,0x00,0x00,"Z",//58
      |                                                                                }   }
  462 | 0x00,0x00,0x00,0x00,0x00,0x00,0x00,0x00,0x00,0x00,0x00,0x00,0x7F,0xFE,0x7F,0xFE,
      | {{
  463 | 0x40,0x02,0x40,0x02,0x40,0x02,0x40,0x02,0x40,0x02,0x40,0x02,0x00,0x00,0x00,0x00,"[",//59
      |                                                                                }   }
  464 | 0x00,0x00,0x00,0x00,0x10,0x00,0x18,0x00,0x0C,0x00,0x06,0x00,0x03,0x80,0x01,0xC0,
      | {{
  465 | 0x00,0x60,0x00,0x30,0x00,0x1C,0x00,0x0E,0x00,0x03,0x00,0x01,0x00,0x00,0x00,0x00,"\\",//60
      |                                                                                }    }
  466 | 0x00,0x00,0x40,0x02,0x40,0x02,0x40,0x02,0x40,0x02,0x40,0x02,0x40,0x02,0x7F,0xFE,
      | {{
  467 | 0x7F,0xFE,0x00,0x00,0x00,0x00,0x00,0x00,0x00,0x00,0x00,0x00,0x00,0x00,0x00,0x00,"]",//61
      |                                                                                }   }
  468 | 0x00,0x00,0x00,0x00,0x10,0x00,0x10,0x00,0x20,0x00,0x20,0x00,0x60,0x00,0x40,0x00,
      | {{
  469 | 0x40,0x00,0x60,0x00,0x20,0x00,0x30,0x00,0x10,0x00,0x00,0x00,0x00,0x00,0x00,0x00,"^",//62
      |                                                                                }   }
  470 | 0x00,0x01,0x00,0x01,0x00,0x01,0x00,0x01,0x00,0x01,0x00,0x01,0x00,0x01,0x00,0x01,
      | {{
  471 | 0x00,0x01,0x00,0x01,0x00,0x01,0x00,0x01,0x00,0x01,0x00,0x01,0x00,0x01,0x00,0x01,"_",//63
      |                                                                                }   }
  472 | 0x00,0x00,0x00,0x00,0x00,0x00,0x00,0x00,0x00,0x00,0x40,0x00,0x40,0x00,0x60,0x00,
      | {{
  473 | 0x30,0x00,0x10,0x00,0x10,0x00,0x00,0x00,0x00,0x00,0x00,0x00,0x00,0x00,0x00,0x00,"`",//64
      |                                                                                }   }
  474 | 0x00,0x00,0x00,0x10,0x00,0xB8,0x01,0xBC,0x01,0xAC,0x01,0x24,0x01,0x24,0x01,0x24,
      | {{
  475 | 0x01,0x4C,0x01,0x48,0x01,0x48,0x01,0xFC,0x01,0xFC,0x00,0x04,0x00,0x00,0x00,0x00,"a",//65
      |                                                                                }   }
  476 | 0x00,0x00,0x1F,0xFC,0x1F,0xFC,0x1F,0xFC,0x01,0x88,0x01,0x08,0x01,0x04,0x01,0x04,
      | {{
  477 | 0x01,0x04,0x01,0x0C,0x01,0x0C,0x01,0xF8,0x00,0xF8,0x00,0xF0,0x00,0x00,0x00,0x00,"b",//66
      |                                                                                }   }
  478 | 0x00,0x00,0x00,0x70,0x00,0xF0,0x01,0xF8,0x01,0x88,0x01,0x0C,0x01,0x04,0x01,0x04,
      | {{
  479 | 0x01,0x04,0x01,0x04,0x01,0x0C,0x01,0x98,0x01,0x98,0x00,0x90,0x00,0x00,0x00,0x00,"c",//67
      |                                                                                }   }
  480 | 0x00,0x00,0x00,0x70,0x00,0xF8,0x01,0xF8,0x01,0x8C,0x01,0x0C,0x01,0x04,0x01,0x04,
      | {{
  481 | 0x01,0x04,0x01,0x0C,0x01,0x88,0x1F,0xFC,0x1F,0xFC,0x1F,0xFC,0x00,0x00,0x00,0x00,"d",//68
      |                                                                                }   }
  482 | 0x00,0x00,0x00,0x60,0x00,0xF0,0x01,0xF8,0x01,0xC8,0x01,0x4C,0x01,0x44,0x01,0x44,
      | {{
  483 | 0x01,0x44,0x01,0x44,0x01,0x4C,0x01,0xD8,0x01,0xD8,0x00,0xD0,0x00,0x00,0x00,0x00,"e",//69
      |                                                                                }   }
  484 | 0x00,0x00,0x01,0x00,0x01,0x00,0x01,0x00,0x01,0x00,0x01,0x00,0x0F,0xFC,0x1F,0xFC,
      | {{
  485 | 0x11,0x00,0x11,0x00,0x11,0x00,0x11,0x00,0x11,0x00,0x10,0x00,0x00,0x00,0x00,0x00,"f",//70
      |                                                                                }   }
  486 | 0x00,0x00,0x00,0x02,0x00,0xDE,0x01,0xFF,0x01,0xE9,0x01,0x29,0x01,0x29,0x01,0x29,
      | {{
  487 | 0x01,0x29,0x01,0x29,0x01,0xED,0x01,0xCD,0x01,0x07,0x01,0x06,0x01,0x00,0x00,0x00,"g",//71
      |                                                                                }   }
  488 | 0x00,0x00,0x00,0x00,0x1F,0xFC,0x1F,0xFC,0x00,0xC0,0x01,0x80,0x01,0x00,0x01,0x00,
      | {{
  489 | 0x01,0x00,0x01,0x00,0x01,0x00,0x01,0xFC,0x01,0xFC,0x00,0xFC,0x00,0x00,0x00,0x00,"h",//72
      |                                                                                }   }
  490 | 0x00,0x00,0x00,0x00,0x00,0x00,0x00,0x00,0x00,0x00,0x00,0x00,0x11,0xFC,0x19,0xFC,
      | {{
  491 | 0x19,0xFC,0x00,0x00,0x00,0x00,0x00,0x00,0x00,0x00,0x00,0x00,0x00,0x00,0x00,0x00,"i",//73
      |                                                                                }   }
  492 | 0x00,0x00,0x00,0x00,0x00,0x00,0x00,0x01,0x00,0x01,0x00,0x01,0x00,0x01,0x00,0x01,
      | {{
  493 | 0x00,0x01,0x19,0xFF,0x19,0xFE,0x11,0xFC,0x00,0x00,0x00,0x00,0x00,0x00,0x00,0x00,"j",//74
      |                                                                                }   }
  494 | 0x00,0x00,0x00,0x00,0x1F,0xFC,0x1F,0xFC,0x00,0x20,0x00,0x60,0x00,0x40,0x00,0xC0,
      | {{
  495 | 0x00,0xE0,0x01,0xB0,0x01,0x38,0x01,0x18,0x01,0x0C,0x00,0x04,0x00,0x00,0x00,0x00,"k",//75
      |                                                                                }   }
  496 | 0x00,0x00,0x00,0x00,0x00,0x00,0x00,0x00,0x00,0x00,0x00,0x00,0x00,0x00,0x1F,0xFC,
      | {{
  497 | 0x1F,0xFC,0x00,0x00,0x00,0x00,0x00,0x00,0x00,0x00,0x00,0x00,0x00,0x00,0x00,0x00,"l",//76
      |                                                                                }   }
  498 | 0x01,0xFC,0x01,0xFC,0x01,0xFC,0x01,0x00,0x01,0x00,0x01,0x00,0x01,0x00,0x01,0xFC,
      | {{
  499 | 0x01,0xFC,0x01,0x80,0x01,0x00,0x01,0x00,0x01,0x00,0x01,0xFC,0x01,0xFC,0x00,0x00,"m",//77
      |                                                                                }   }
  500 | 0x00,0x00,0x00,0x00,0x01,0xFC,0x01,0xFC,0x00,0xC0,0x01,0x80,0x01,0x00,0x01,0x00,
      | {{
  501 | 0x01,0x00,0x01,0x00,0x01,0x00,0x01,0xFC,0x01,0xFC,0x00,0xFC,0x00,0x00,0x00,0x00,"n",//78
      |                                                                                }   }
  502 | 0x00,0x00,0x00,0x60,0x00,0xF0,0x01,0xF8,0x01,0x88,0x01,0x0C,0x01,0x04,0x01,0x04,
      | {{
  503 | 0x01,0x04,0x01,0x0C,0x01,0x0C,0x01,0x98,0x00,0xF8,0x00,0xF0,0x00,0x60,0x00,0x00,"o",//79
      |                                                                                }   }
  504 | 0x00,0x00,0x01,0xFF,0x01,0xFF,0x01,0xFF,0x01,0x88,0x01,0x0C,0x01,0x04,0x01,0x04,
      | {{
  505 | 0x01,0x04,0x01,0x04,0x01,0x0C,0x01,0xF8,0x00,0xF8,0x00,0xF0,0x00,0x00,0x00,0x00,"p",//80
      |                                                                                }   }
  506 | 0x00,0x00,0x00,0x70,0x00,0xF8,0x01,0xF8,0x01,0x8C,0x01,0x0C,0x01,0x04,0x01,0x04,
      | {{
  507 | 0x01,0x04,0x01,0x0C,0x01,0x88,0x01,0xFF,0x01,0xFF,0x01,0xFF,0x00,0x00,0x00,0x00,"q",//81
      |                                                                                }   }
  508 | 0x00,0x00,0x00,0x00,0x00,0x00,0x01,0xFC,0x01,0xFC,0x01,0xFC,0x00,0x80,0x01,0x80,
      | {{
  509 | 0x01,0x00,0x01,0x00,0x01,0x00,0x01,0x00,0x01,0x00,0x00,0x00,0x00,0x00,0x00,0x00,"r",//82
      |                                                                                }   }
  510 | 0x00,0x00,0x00,0x00,0x00,0x98,0x01,0xD8,0x01,0xD8,0x01,0x4C,0x01,0x64,0x01,0x24,
      | {{
  511 | 0x01,0x24,0x01,0x24,0x01,0x2C,0x01,0xB8,0x01,0xB8,0x00,0x10,0x00,0x00,0x00,0x00,"s",//83
      |                                                                                }   }
  512 | 0x00,0x00,0x01,0x00,0x01,0x00,0x01,0x00,0x01,0x00,0x0F,0xF0,0x0F,0xF8,0x0F,0xFC,
      | {{
  513 | 0x01,0x04,0x01,0x04,0x01,0x04,0x01,0x04,0x01,0x04,0x00,0x0C,0x00,0x00,0x00,0x00,"t",//84
      |                                                                                }   }
  514 | 0x00,0x00,0x00,0x00,0x01,0xF8,0x01,0xF8,0x00,0x0C,0x00,0x04,0x00,0x04,0x00,0x04,
      | {{
  515 | 0x00,0x04,0x00,0x08,0x00,0x08,0x01,0xFC,0x01,0xFC,0x01,0xFC,0x00,0x00,0x00,0x00,"u",//85
      |                                                                                }   }
  516 | 0x00,0x00,0x00,0x00,0x01,0x80,0x01,0xC0,0x00,0xE0,0x00,0x78,0x00,0x1C,0x00,0x0C,
      | {{
  517 | 0x00,0x1C,0x00,0x38,0x00,0xF0,0x01,0xE0,0x01,0x80,0x01,0x00,0x00,0x00,0x00,0x00,"v",//86
      |                                                                                }   }
  518 | 0x01,0x00,0x01,0xC0,0x01,0xF0,0x00,0x7C,0x00,0x1C,0x00,0x7C,0x01,0xE0,0x01,0x80,
      | {{
  519 | 0x01,0xC0,0x00,0xF8,0x00,0x3C,0x00,0x3C,0x01,0xF8,0x01,0xE0,0x01,0x80,0x00,0x00,"w",//87
      |                                                                                }   }
  520 | 0x00,0x00,0x00,0x04,0x01,0x04,0x01,0x0C,0x01,0x98,0x01,0xD8,0x00,0xF0,0x00,0x60,
      | {{
  521 | 0x00,0x70,0x00,0xF0,0x01,0x98,0x01,0x0C,0x01,0x0C,0x00,0x04,0x00,0x00,0x00,0x00,"x",//88
      |                                                                                }   }
  522 | 0x00,0x00,0x00,0x00,0x01,0x81,0x01,0xC1,0x00,0xE1,0x00,0x79,0x00,0x3F,0x00,0x0E,
      | {{
  523 | 0x00,0x1E,0x00,0x38,0x00,0xF0,0x01,0xE0,0x01,0x80,0x01,0x00,0x00,0x00,0x00,0x00,"y",//89
      |                                                                                }   }
  524 | 0x00,0x00,0x00,0x00,0x01,0x0C,0x01,0x0C,0x01,0x1C,0x01,0x34,0x01,0x34,0x01,0x64,
      | {{
  525 | 0x01,0x44,0x01,0xC4,0x01,0x84,0x01,0x84,0x01,0x04,0x00,0x04,0x00,0x00,0x00,0x00,"z",//90
      |                                                                                }   }
  526 | 0x00,0x00,0x00,0x00,0x00,0x00,0x00,0x00,0x00,0x00,0x00,0x00,0x00,0x00,0x00,0x80,
      | {{
  527 | 0x00,0x80,0x3F,0xFE,0x7F,0x7E,0x40,0x02,0x40,0x02,0x40,0x00,0x00,0x00,0x00,0x00,"{",//91
      |                                                                                }   }
  528 | 0x00,0x00,0x00,0x00,0x00,0x00,0x00,0x00,0x00,0x00,0x00,0x00,0x00,0x00,0xFF,0xFF,
      | {{
  529 | 0xFF,0xFF,0x00,0x00,0x00,0x00,0x00,0x00,0x00,0x00,0x00,0x00,0x00,0x00,0x00,0x00,"|",//92
      |                                                                                }   }
  530 | 0x00,0x00,0x00,0x00,0x40,0x00,0x40,0x02,0x7E,0x7E,0x3F,0xFE,0x3F,0xFE,0x00,0x80,
      | {{
  531 | 0x00,0x80,0x00,0x00,0x00,0x00,0x00,0x00,0x00,0x00,0x00,0x00,0x00,0x00,0x00,0x00,"}",//93
      |                                                                                }   }
  532 | 0x00,0x00,0x00,0x00,0x20,0x00,0x60,0x00,0x40,0x00,0xC0,0x00,0x40,0x00,0x40,0x00,
      | {{
  533 | 0x60,0x00,0x20,0x00,0x20,0x00,0x20,0x00,0x60,0x00,0x40,0x00,0x00,0x00,0x00,0x00,"~",//94
      |                                                                                }
  534 | };
      | }
bsp/lcd/lcd.c: In function 'LedMatrixInit':
bsp/lcd/lcd.c:40:2: warning: implicit declaration of function 'LedCs_gpio_Init' [-Wimplicit-function-declaration]
   40 |  LedCs_gpio_Init();
      |  ^~~~~~~~~~~~~~~
In file included from bsp/lcd/lcd.c:4:
bsp/lcd/lcd.c: At top level:
bsp/lcd/lcd.h:50:3: warning: 'LL_GPIO_ResetOutputPin' is static but used in inline function 'scanf_line' which is not static
   50 |   LL_GPIO_ResetOutputPin(LCD_D_GPIO_Port, LCD_D_Pin);
      |   ^~~~~~~~~~~~~~~~~~~~~~
bsp/lcd/lcd.h:48:3: warning: 'LL_GPIO_SetOutputPin' is static but used in inline function 'scanf_line' which is not static
   48 |   LL_GPIO_SetOutputPin(LCD_D_GPIO_Port, LCD_D_Pin);
      |   ^~~~~~~~~~~~~~~~~~~~
bsp/lcd/lcd.h:46:3: warning: 'LL_GPIO_ResetOutputPin' is static but used in inline function 'scanf_line' which is not static
   46 |   LL_GPIO_ResetOutputPin(LCD_C_GPIO_Port, LCD_C_Pin);
      |   ^~~~~~~~~~~~~~~~~~~~~~
bsp/lcd/lcd.h:44:3: warning: 'LL_GPIO_SetOutputPin' is static but used in inline function 'scanf_line' which is not static
   44 |   LL_GPIO_SetOutputPin(LCD_C_GPIO_Port, LCD_C_Pin);
      |   ^~~~~~~~~~~~~~~~~~~~
bsp/lcd/lcd.h:42:3: warning: 'LL_GPIO_ResetOutputPin' is static but used in inline function 'scanf_line' which is not static
   42 |   LL_GPIO_ResetOutputPin(LCD_B_GPIO_Port, LCD_B_Pin);
      |   ^~~~~~~~~~~~~~~~~~~~~~
bsp/lcd/lcd.h:40:3: warning: 'LL_GPIO_SetOutputPin' is static but used in inline function 'scanf_line' which is not static
   40 |   LL_GPIO_SetOutputPin(LCD_B_GPIO_Port, LCD_B_Pin);
      |   ^~~~~~~~~~~~~~~~~~~~
bsp/lcd/lcd.h:38:3: warning: 'LL_GPIO_ResetOutputPin' is static but used in inline function 'scanf_line' which is not static
   38 |   LL_GPIO_ResetOutputPin(LCD_A_GPIO_Port, LCD_A_Pin);
      |   ^~~~~~~~~~~~~~~~~~~~~~
bsp/lcd/lcd.h:36:3: warning: 'LL_GPIO_SetOutputPin' is static but used in inline function 'scanf_line' which is not static
   36 |   LL_GPIO_SetOutputPin(LCD_A_GPIO_Port, LCD_A_Pin);
      |   ^~~~~~~~~~~~~~~~~~~~
make: *** [Makefile:171: build/lcd.o] Error 1
