ARM GAS  /tmp/ccOn11Hz.s 			page 1


   1              		.cpu cortex-m3
   2              		.eabi_attribute 20, 1
   3              		.eabi_attribute 21, 1
   4              		.eabi_attribute 23, 3
   5              		.eabi_attribute 24, 1
   6              		.eabi_attribute 25, 1
   7              		.eabi_attribute 26, 1
   8              		.eabi_attribute 30, 1
   9              		.eabi_attribute 34, 1
  10              		.eabi_attribute 18, 4
  11              		.file	"stm32f1xx_hal_msp.c"
  12              		.text
  13              	.Ltext0:
  14              		.cfi_sections	.debug_frame
  15              		.section	.text.HAL_MspInit,"ax",%progbits
  16              		.align	1
  17              		.global	HAL_MspInit
  18              		.arch armv7-m
  19              		.syntax unified
  20              		.thumb
  21              		.thumb_func
  22              		.fpu softvfp
  24              	HAL_MspInit:
  25              	.LFB66:
  26              		.file 1 "app/Src/stm32f1xx_hal_msp.c"
   1:app/Src/stm32f1xx_hal_msp.c **** /* USER CODE BEGIN Header */
   2:app/Src/stm32f1xx_hal_msp.c **** /**
   3:app/Src/stm32f1xx_hal_msp.c ****   ******************************************************************************
   4:app/Src/stm32f1xx_hal_msp.c ****   * File Name          : stm32f1xx_hal_msp.c
   5:app/Src/stm32f1xx_hal_msp.c ****   * Description        : This file provides code for the MSP Initialization 
   6:app/Src/stm32f1xx_hal_msp.c ****   *                      and de-Initialization codes.
   7:app/Src/stm32f1xx_hal_msp.c ****   ******************************************************************************
   8:app/Src/stm32f1xx_hal_msp.c ****   ** This notice applies to any and all portions of this file
   9:app/Src/stm32f1xx_hal_msp.c ****   * that are not between comment pairs USER CODE BEGIN and
  10:app/Src/stm32f1xx_hal_msp.c ****   * USER CODE END. Other portions of this file, whether 
  11:app/Src/stm32f1xx_hal_msp.c ****   * inserted by the user or by software development tools
  12:app/Src/stm32f1xx_hal_msp.c ****   * are owned by their respective copyright owners.
  13:app/Src/stm32f1xx_hal_msp.c ****   *
  14:app/Src/stm32f1xx_hal_msp.c ****   * COPYRIGHT(c) 2019 STMicroelectronics
  15:app/Src/stm32f1xx_hal_msp.c ****   *
  16:app/Src/stm32f1xx_hal_msp.c ****   * Redistribution and use in source and binary forms, with or without modification,
  17:app/Src/stm32f1xx_hal_msp.c ****   * are permitted provided that the following conditions are met:
  18:app/Src/stm32f1xx_hal_msp.c ****   *   1. Redistributions of source code must retain the above copyright notice,
  19:app/Src/stm32f1xx_hal_msp.c ****   *      this list of conditions and the following disclaimer.
  20:app/Src/stm32f1xx_hal_msp.c ****   *   2. Redistributions in binary form must reproduce the above copyright notice,
  21:app/Src/stm32f1xx_hal_msp.c ****   *      this list of conditions and the following disclaimer in the documentation
  22:app/Src/stm32f1xx_hal_msp.c ****   *      and/or other materials provided with the distribution.
  23:app/Src/stm32f1xx_hal_msp.c ****   *   3. Neither the name of STMicroelectronics nor the names of its contributors
  24:app/Src/stm32f1xx_hal_msp.c ****   *      may be used to endorse or promote products derived from this software
  25:app/Src/stm32f1xx_hal_msp.c ****   *      without specific prior written permission.
  26:app/Src/stm32f1xx_hal_msp.c ****   *
  27:app/Src/stm32f1xx_hal_msp.c ****   * THIS SOFTWARE IS PROVIDED BY THE COPYRIGHT HOLDERS AND CONTRIBUTORS "AS IS"
  28:app/Src/stm32f1xx_hal_msp.c ****   * AND ANY EXPRESS OR IMPLIED WARRANTIES, INCLUDING, BUT NOT LIMITED TO, THE
  29:app/Src/stm32f1xx_hal_msp.c ****   * IMPLIED WARRANTIES OF MERCHANTABILITY AND FITNESS FOR A PARTICULAR PURPOSE ARE
  30:app/Src/stm32f1xx_hal_msp.c ****   * DISCLAIMED. IN NO EVENT SHALL THE COPYRIGHT HOLDER OR CONTRIBUTORS BE LIABLE
  31:app/Src/stm32f1xx_hal_msp.c ****   * FOR ANY DIRECT, INDIRECT, INCIDENTAL, SPECIAL, EXEMPLARY, OR CONSEQUENTIAL
  32:app/Src/stm32f1xx_hal_msp.c ****   * DAMAGES (INCLUDING, BUT NOT LIMITED TO, PROCUREMENT OF SUBSTITUTE GOODS OR
ARM GAS  /tmp/ccOn11Hz.s 			page 2


  33:app/Src/stm32f1xx_hal_msp.c ****   * SERVICES; LOSS OF USE, DATA, OR PROFITS; OR BUSINESS INTERRUPTION) HOWEVER
  34:app/Src/stm32f1xx_hal_msp.c ****   * CAUSED AND ON ANY THEORY OF LIABILITY, WHETHER IN CONTRACT, STRICT LIABILITY,
  35:app/Src/stm32f1xx_hal_msp.c ****   * OR TORT (INCLUDING NEGLIGENCE OR OTHERWISE) ARISING IN ANY WAY OUT OF THE USE
  36:app/Src/stm32f1xx_hal_msp.c ****   * OF THIS SOFTWARE, EVEN IF ADVISED OF THE POSSIBILITY OF SUCH DAMAGE.
  37:app/Src/stm32f1xx_hal_msp.c ****   *
  38:app/Src/stm32f1xx_hal_msp.c ****   ******************************************************************************
  39:app/Src/stm32f1xx_hal_msp.c ****   */
  40:app/Src/stm32f1xx_hal_msp.c **** /* USER CODE END Header */
  41:app/Src/stm32f1xx_hal_msp.c **** 
  42:app/Src/stm32f1xx_hal_msp.c **** /* Includes ------------------------------------------------------------------*/
  43:app/Src/stm32f1xx_hal_msp.c **** #include "main.h"
  44:app/Src/stm32f1xx_hal_msp.c **** /* USER CODE BEGIN Includes */
  45:app/Src/stm32f1xx_hal_msp.c **** 
  46:app/Src/stm32f1xx_hal_msp.c **** /* USER CODE END Includes */
  47:app/Src/stm32f1xx_hal_msp.c **** 
  48:app/Src/stm32f1xx_hal_msp.c **** /* Private typedef -----------------------------------------------------------*/
  49:app/Src/stm32f1xx_hal_msp.c **** /* USER CODE BEGIN TD */
  50:app/Src/stm32f1xx_hal_msp.c **** 
  51:app/Src/stm32f1xx_hal_msp.c **** /* USER CODE END TD */
  52:app/Src/stm32f1xx_hal_msp.c **** 
  53:app/Src/stm32f1xx_hal_msp.c **** /* Private define ------------------------------------------------------------*/
  54:app/Src/stm32f1xx_hal_msp.c **** /* USER CODE BEGIN Define */
  55:app/Src/stm32f1xx_hal_msp.c ****  
  56:app/Src/stm32f1xx_hal_msp.c **** /* USER CODE END Define */
  57:app/Src/stm32f1xx_hal_msp.c **** 
  58:app/Src/stm32f1xx_hal_msp.c **** /* Private macro -------------------------------------------------------------*/
  59:app/Src/stm32f1xx_hal_msp.c **** /* USER CODE BEGIN Macro */
  60:app/Src/stm32f1xx_hal_msp.c **** 
  61:app/Src/stm32f1xx_hal_msp.c **** /* USER CODE END Macro */
  62:app/Src/stm32f1xx_hal_msp.c **** 
  63:app/Src/stm32f1xx_hal_msp.c **** /* Private variables ---------------------------------------------------------*/
  64:app/Src/stm32f1xx_hal_msp.c **** /* USER CODE BEGIN PV */
  65:app/Src/stm32f1xx_hal_msp.c **** 
  66:app/Src/stm32f1xx_hal_msp.c **** /* USER CODE END PV */
  67:app/Src/stm32f1xx_hal_msp.c **** 
  68:app/Src/stm32f1xx_hal_msp.c **** /* Private function prototypes -----------------------------------------------*/
  69:app/Src/stm32f1xx_hal_msp.c **** /* USER CODE BEGIN PFP */
  70:app/Src/stm32f1xx_hal_msp.c **** 
  71:app/Src/stm32f1xx_hal_msp.c **** /* USER CODE END PFP */
  72:app/Src/stm32f1xx_hal_msp.c **** 
  73:app/Src/stm32f1xx_hal_msp.c **** /* External functions --------------------------------------------------------*/
  74:app/Src/stm32f1xx_hal_msp.c **** /* USER CODE BEGIN ExternalFunctions */
  75:app/Src/stm32f1xx_hal_msp.c **** 
  76:app/Src/stm32f1xx_hal_msp.c **** /* USER CODE END ExternalFunctions */
  77:app/Src/stm32f1xx_hal_msp.c **** 
  78:app/Src/stm32f1xx_hal_msp.c **** /* USER CODE BEGIN 0 */
  79:app/Src/stm32f1xx_hal_msp.c **** 
  80:app/Src/stm32f1xx_hal_msp.c **** /* USER CODE END 0 */
  81:app/Src/stm32f1xx_hal_msp.c **** /**
  82:app/Src/stm32f1xx_hal_msp.c ****   * Initializes the Global MSP.
  83:app/Src/stm32f1xx_hal_msp.c ****   */
  84:app/Src/stm32f1xx_hal_msp.c **** void HAL_MspInit(void)
  85:app/Src/stm32f1xx_hal_msp.c **** {
  27              		.loc 1 85 1 view -0
  28              		.cfi_startproc
  29              		@ args = 0, pretend = 0, frame = 8
  30              		@ frame_needed = 0, uses_anonymous_args = 0
ARM GAS  /tmp/ccOn11Hz.s 			page 3


  31              		@ link register save eliminated.
  32 0000 82B0     		sub	sp, sp, #8
  33              	.LCFI0:
  34              		.cfi_def_cfa_offset 8
  86:app/Src/stm32f1xx_hal_msp.c ****   /* USER CODE BEGIN MspInit 0 */
  87:app/Src/stm32f1xx_hal_msp.c **** 
  88:app/Src/stm32f1xx_hal_msp.c ****   /* USER CODE END MspInit 0 */
  89:app/Src/stm32f1xx_hal_msp.c **** 
  90:app/Src/stm32f1xx_hal_msp.c ****   __HAL_RCC_AFIO_CLK_ENABLE();
  35              		.loc 1 90 3 view .LVU1
  36              	.LBB2:
  37              		.loc 1 90 3 view .LVU2
  38              		.loc 1 90 3 view .LVU3
  39 0002 0E4B     		ldr	r3, .L3
  40 0004 9A69     		ldr	r2, [r3, #24]
  41 0006 42F00102 		orr	r2, r2, #1
  42 000a 9A61     		str	r2, [r3, #24]
  43              		.loc 1 90 3 view .LVU4
  44 000c 9A69     		ldr	r2, [r3, #24]
  45 000e 02F00102 		and	r2, r2, #1
  46 0012 0092     		str	r2, [sp]
  47              		.loc 1 90 3 view .LVU5
  48 0014 009A     		ldr	r2, [sp]
  49              	.LBE2:
  50              		.loc 1 90 3 view .LVU6
  91:app/Src/stm32f1xx_hal_msp.c ****   __HAL_RCC_PWR_CLK_ENABLE();
  51              		.loc 1 91 3 view .LVU7
  52              	.LBB3:
  53              		.loc 1 91 3 view .LVU8
  54              		.loc 1 91 3 view .LVU9
  55 0016 DA69     		ldr	r2, [r3, #28]
  56 0018 42F08052 		orr	r2, r2, #268435456
  57 001c DA61     		str	r2, [r3, #28]
  58              		.loc 1 91 3 view .LVU10
  59 001e DB69     		ldr	r3, [r3, #28]
  60 0020 03F08053 		and	r3, r3, #268435456
  61 0024 0193     		str	r3, [sp, #4]
  62              		.loc 1 91 3 view .LVU11
  63 0026 019B     		ldr	r3, [sp, #4]
  64              	.LBE3:
  65              		.loc 1 91 3 view .LVU12
  92:app/Src/stm32f1xx_hal_msp.c **** 
  93:app/Src/stm32f1xx_hal_msp.c ****   /* System interrupt init*/
  94:app/Src/stm32f1xx_hal_msp.c **** 
  95:app/Src/stm32f1xx_hal_msp.c ****   /**NOJTAG: JTAG-DP Disabled and SW-DP Enabled 
  96:app/Src/stm32f1xx_hal_msp.c ****   */
  97:app/Src/stm32f1xx_hal_msp.c ****   __HAL_AFIO_REMAP_SWJ_NOJTAG();
  66              		.loc 1 97 3 view .LVU13
  67              	.LBB4:
  68              		.loc 1 97 3 view .LVU14
  69 0028 054A     		ldr	r2, .L3+4
  70 002a 5368     		ldr	r3, [r2, #4]
  71              	.LVL0:
  72              		.loc 1 97 3 view .LVU15
  73 002c 23F0E063 		bic	r3, r3, #117440512
  74              	.LVL1:
  75              		.loc 1 97 3 view .LVU16
ARM GAS  /tmp/ccOn11Hz.s 			page 4


  76 0030 43F00073 		orr	r3, r3, #33554432
  77              	.LVL2:
  78              		.loc 1 97 3 view .LVU17
  79 0034 5360     		str	r3, [r2, #4]
  80              	.LBE4:
  81              		.loc 1 97 3 view .LVU18
  98:app/Src/stm32f1xx_hal_msp.c **** 
  99:app/Src/stm32f1xx_hal_msp.c ****   /* USER CODE BEGIN MspInit 1 */
 100:app/Src/stm32f1xx_hal_msp.c **** 
 101:app/Src/stm32f1xx_hal_msp.c ****   /* USER CODE END MspInit 1 */
 102:app/Src/stm32f1xx_hal_msp.c **** }
  82              		.loc 1 102 1 is_stmt 0 view .LVU19
  83 0036 02B0     		add	sp, sp, #8
  84              	.LCFI1:
  85              		.cfi_def_cfa_offset 0
  86              		@ sp needed
  87 0038 7047     		bx	lr
  88              	.L4:
  89 003a 00BF     		.align	2
  90              	.L3:
  91 003c 00100240 		.word	1073876992
  92 0040 00000140 		.word	1073807360
  93              		.cfi_endproc
  94              	.LFE66:
  96              		.text
  97              	.Letext0:
  98              		.file 2 "/home/yhf/toolchains/gcc-arm-none-eabi-9-2020-q2-update/arm-none-eabi/include/machine/_de
  99              		.file 3 "/home/yhf/toolchains/gcc-arm-none-eabi-9-2020-q2-update/arm-none-eabi/include/sys/_stdint
 100              		.file 4 "Drivers/CMSIS/Include/core_cm3.h"
 101              		.file 5 "Drivers/CMSIS/Device/ST/STM32F1xx/Include/system_stm32f1xx.h"
 102              		.file 6 "Drivers/CMSIS/Device/ST/STM32F1xx/Include/stm32f103xb.h"
 103              		.file 7 "/home/yhf/toolchains/gcc-arm-none-eabi-9-2020-q2-update/lib/gcc/arm-none-eabi/9.3.1/inclu
 104              		.file 8 "/home/yhf/toolchains/gcc-arm-none-eabi-9-2020-q2-update/arm-none-eabi/include/sys/_types.
 105              		.file 9 "/home/yhf/toolchains/gcc-arm-none-eabi-9-2020-q2-update/arm-none-eabi/include/sys/reent.h
 106              		.file 10 "/home/yhf/toolchains/gcc-arm-none-eabi-9-2020-q2-update/arm-none-eabi/include/sys/lock.h
 107              		.file 11 "Drivers/STM32F1xx_HAL_Driver/Inc/stm32f1xx_hal.h"
ARM GAS  /tmp/ccOn11Hz.s 			page 5


DEFINED SYMBOLS
                            *ABS*:0000000000000000 stm32f1xx_hal_msp.c
     /tmp/ccOn11Hz.s:16     .text.HAL_MspInit:0000000000000000 $t
     /tmp/ccOn11Hz.s:24     .text.HAL_MspInit:0000000000000000 HAL_MspInit
     /tmp/ccOn11Hz.s:91     .text.HAL_MspInit:000000000000003c $d

NO UNDEFINED SYMBOLS
