ARM GAS  /tmp/ccV1ZKVk.s 			page 1


   1              		.cpu cortex-m3
   2              		.eabi_attribute 20, 1
   3              		.eabi_attribute 21, 1
   4              		.eabi_attribute 23, 3
   5              		.eabi_attribute 24, 1
   6              		.eabi_attribute 25, 1
   7              		.eabi_attribute 26, 1
   8              		.eabi_attribute 30, 1
   9              		.eabi_attribute 34, 1
  10              		.eabi_attribute 18, 4
  11              		.file	"usart.c"
  12              		.text
  13              	.Ltext0:
  14              		.cfi_sections	.debug_frame
  15              		.section	.text.MX_USART1_UART_Init,"ax",%progbits
  16              		.align	1
  17              		.global	MX_USART1_UART_Init
  18              		.arch armv7-m
  19              		.syntax unified
  20              		.thumb
  21              		.thumb_func
  22              		.fpu softvfp
  24              	MX_USART1_UART_Init:
  25              	.LFB66:
  26              		.file 1 "component/uart/usart.c"
   1:component/uart/usart.c **** #include "usart.h"
   2:component/uart/usart.c **** 
   3:component/uart/usart.c **** 
   4:component/uart/usart.c **** UART_HandleTypeDef huart1;
   5:component/uart/usart.c **** 
   6:component/uart/usart.c **** void MX_USART1_UART_Init(void)
   7:component/uart/usart.c **** {
  27              		.loc 1 7 1 view -0
  28              		.cfi_startproc
  29              		@ args = 0, pretend = 0, frame = 0
  30              		@ frame_needed = 0, uses_anonymous_args = 0
  31 0000 08B5     		push	{r3, lr}
  32              	.LCFI0:
  33              		.cfi_def_cfa_offset 8
  34              		.cfi_offset 3, -8
  35              		.cfi_offset 14, -4
   8:component/uart/usart.c ****   huart1.Instance = USART1;
  36              		.loc 1 8 3 view .LVU1
  37              		.loc 1 8 19 is_stmt 0 view .LVU2
  38 0002 0A48     		ldr	r0, .L5
  39 0004 0A4B     		ldr	r3, .L5+4
  40 0006 0360     		str	r3, [r0]
   9:component/uart/usart.c ****   huart1.Init.BaudRate = 9600;
  41              		.loc 1 9 3 is_stmt 1 view .LVU3
  42              		.loc 1 9 24 is_stmt 0 view .LVU4
  43 0008 4FF41653 		mov	r3, #9600
  44 000c 4360     		str	r3, [r0, #4]
  10:component/uart/usart.c ****   huart1.Init.WordLength = UART_WORDLENGTH_8B;
  45              		.loc 1 10 3 is_stmt 1 view .LVU5
  46              		.loc 1 10 26 is_stmt 0 view .LVU6
  47 000e 0023     		movs	r3, #0
  48 0010 8360     		str	r3, [r0, #8]
ARM GAS  /tmp/ccV1ZKVk.s 			page 2


  11:component/uart/usart.c ****   huart1.Init.StopBits = UART_STOPBITS_1;
  49              		.loc 1 11 3 is_stmt 1 view .LVU7
  50              		.loc 1 11 24 is_stmt 0 view .LVU8
  51 0012 C360     		str	r3, [r0, #12]
  12:component/uart/usart.c ****   huart1.Init.Parity = UART_PARITY_NONE;
  52              		.loc 1 12 3 is_stmt 1 view .LVU9
  53              		.loc 1 12 22 is_stmt 0 view .LVU10
  54 0014 0361     		str	r3, [r0, #16]
  13:component/uart/usart.c ****   huart1.Init.Mode = UART_MODE_TX_RX;
  55              		.loc 1 13 3 is_stmt 1 view .LVU11
  56              		.loc 1 13 20 is_stmt 0 view .LVU12
  57 0016 0C22     		movs	r2, #12
  58 0018 4261     		str	r2, [r0, #20]
  14:component/uart/usart.c ****   huart1.Init.HwFlowCtl = UART_HWCONTROL_NONE;
  59              		.loc 1 14 3 is_stmt 1 view .LVU13
  60              		.loc 1 14 25 is_stmt 0 view .LVU14
  61 001a 8361     		str	r3, [r0, #24]
  15:component/uart/usart.c ****   huart1.Init.OverSampling = UART_OVERSAMPLING_16;
  62              		.loc 1 15 3 is_stmt 1 view .LVU15
  63              		.loc 1 15 28 is_stmt 0 view .LVU16
  64 001c C361     		str	r3, [r0, #28]
  16:component/uart/usart.c ****   if (HAL_UART_Init(&huart1) != HAL_OK)
  65              		.loc 1 16 3 is_stmt 1 view .LVU17
  66              		.loc 1 16 7 is_stmt 0 view .LVU18
  67 001e FFF7FEFF 		bl	HAL_UART_Init
  68              	.LVL0:
  69              		.loc 1 16 6 view .LVU19
  70 0022 00B9     		cbnz	r0, .L4
  71              	.L1:
  17:component/uart/usart.c ****   {
  18:component/uart/usart.c ****     Error_Handler();
  19:component/uart/usart.c ****   }
  20:component/uart/usart.c **** 
  21:component/uart/usart.c **** }
  72              		.loc 1 21 1 view .LVU20
  73 0024 08BD     		pop	{r3, pc}
  74              	.L4:
  18:component/uart/usart.c ****   }
  75              		.loc 1 18 5 is_stmt 1 view .LVU21
  76 0026 FFF7FEFF 		bl	Error_Handler
  77              	.LVL1:
  78              		.loc 1 21 1 is_stmt 0 view .LVU22
  79 002a FBE7     		b	.L1
  80              	.L6:
  81              		.align	2
  82              	.L5:
  83 002c 00000000 		.word	huart1
  84 0030 00380140 		.word	1073821696
  85              		.cfi_endproc
  86              	.LFE66:
  88              		.section	.text.HAL_UART_MspInit,"ax",%progbits
  89              		.align	1
  90              		.global	HAL_UART_MspInit
  91              		.syntax unified
  92              		.thumb
  93              		.thumb_func
  94              		.fpu softvfp
ARM GAS  /tmp/ccV1ZKVk.s 			page 3


  96              	HAL_UART_MspInit:
  97              	.LVL2:
  98              	.LFB67:
  22:component/uart/usart.c **** 
  23:component/uart/usart.c **** void HAL_UART_MspInit(UART_HandleTypeDef* uartHandle)
  24:component/uart/usart.c **** {
  99              		.loc 1 24 1 is_stmt 1 view -0
 100              		.cfi_startproc
 101              		@ args = 0, pretend = 0, frame = 24
 102              		@ frame_needed = 0, uses_anonymous_args = 0
 103              		.loc 1 24 1 is_stmt 0 view .LVU24
 104 0000 30B5     		push	{r4, r5, lr}
 105              	.LCFI1:
 106              		.cfi_def_cfa_offset 12
 107              		.cfi_offset 4, -12
 108              		.cfi_offset 5, -8
 109              		.cfi_offset 14, -4
 110 0002 87B0     		sub	sp, sp, #28
 111              	.LCFI2:
 112              		.cfi_def_cfa_offset 40
  25:component/uart/usart.c **** 
  26:component/uart/usart.c ****   GPIO_InitTypeDef GPIO_InitStruct = {0};
 113              		.loc 1 26 3 is_stmt 1 view .LVU25
 114              		.loc 1 26 20 is_stmt 0 view .LVU26
 115 0004 0023     		movs	r3, #0
 116 0006 0293     		str	r3, [sp, #8]
 117 0008 0393     		str	r3, [sp, #12]
 118 000a 0493     		str	r3, [sp, #16]
 119 000c 0593     		str	r3, [sp, #20]
  27:component/uart/usart.c ****   if(uartHandle->Instance==USART1)
 120              		.loc 1 27 3 is_stmt 1 view .LVU27
 121              		.loc 1 27 16 is_stmt 0 view .LVU28
 122 000e 0268     		ldr	r2, [r0]
 123              		.loc 1 27 5 view .LVU29
 124 0010 1B4B     		ldr	r3, .L11
 125 0012 9A42     		cmp	r2, r3
 126 0014 01D0     		beq	.L10
 127              	.LVL3:
 128              	.L7:
  28:component/uart/usart.c ****   {
  29:component/uart/usart.c ****     __HAL_RCC_USART1_CLK_ENABLE();
  30:component/uart/usart.c ****     __HAL_RCC_GPIOA_CLK_ENABLE();
  31:component/uart/usart.c **** 
  32:component/uart/usart.c ****     GPIO_InitStruct.Pin = GPIO_PIN_9;
  33:component/uart/usart.c ****     GPIO_InitStruct.Mode = GPIO_MODE_AF_PP;
  34:component/uart/usart.c ****     GPIO_InitStruct.Speed = GPIO_SPEED_FREQ_HIGH;
  35:component/uart/usart.c ****     HAL_GPIO_Init(GPIOA, &GPIO_InitStruct);
  36:component/uart/usart.c **** 
  37:component/uart/usart.c ****     GPIO_InitStruct.Pin = GPIO_PIN_10;
  38:component/uart/usart.c ****     GPIO_InitStruct.Mode = GPIO_MODE_INPUT;
  39:component/uart/usart.c ****     GPIO_InitStruct.Pull = GPIO_NOPULL;
  40:component/uart/usart.c ****     HAL_GPIO_Init(GPIOA, &GPIO_InitStruct);
  41:component/uart/usart.c **** 
  42:component/uart/usart.c ****     HAL_NVIC_SetPriority(USART1_IRQn, 0, 0);
  43:component/uart/usart.c ****     HAL_NVIC_EnableIRQ(USART1_IRQn);
  44:component/uart/usart.c **** 
  45:component/uart/usart.c ****   }
ARM GAS  /tmp/ccV1ZKVk.s 			page 4


  46:component/uart/usart.c **** }
 129              		.loc 1 46 1 view .LVU30
 130 0016 07B0     		add	sp, sp, #28
 131              	.LCFI3:
 132              		.cfi_remember_state
 133              		.cfi_def_cfa_offset 12
 134              		@ sp needed
 135 0018 30BD     		pop	{r4, r5, pc}
 136              	.LVL4:
 137              	.L10:
 138              	.LCFI4:
 139              		.cfi_restore_state
  29:component/uart/usart.c ****     __HAL_RCC_GPIOA_CLK_ENABLE();
 140              		.loc 1 29 5 is_stmt 1 view .LVU31
 141              	.LBB2:
  29:component/uart/usart.c ****     __HAL_RCC_GPIOA_CLK_ENABLE();
 142              		.loc 1 29 5 view .LVU32
  29:component/uart/usart.c ****     __HAL_RCC_GPIOA_CLK_ENABLE();
 143              		.loc 1 29 5 view .LVU33
 144 001a 03F55843 		add	r3, r3, #55296
 145 001e 9A69     		ldr	r2, [r3, #24]
 146 0020 42F48042 		orr	r2, r2, #16384
 147 0024 9A61     		str	r2, [r3, #24]
  29:component/uart/usart.c ****     __HAL_RCC_GPIOA_CLK_ENABLE();
 148              		.loc 1 29 5 view .LVU34
 149 0026 9A69     		ldr	r2, [r3, #24]
 150 0028 02F48042 		and	r2, r2, #16384
 151 002c 0092     		str	r2, [sp]
  29:component/uart/usart.c ****     __HAL_RCC_GPIOA_CLK_ENABLE();
 152              		.loc 1 29 5 view .LVU35
 153 002e 009A     		ldr	r2, [sp]
 154              	.LBE2:
  29:component/uart/usart.c ****     __HAL_RCC_GPIOA_CLK_ENABLE();
 155              		.loc 1 29 5 view .LVU36
  30:component/uart/usart.c **** 
 156              		.loc 1 30 5 view .LVU37
 157              	.LBB3:
  30:component/uart/usart.c **** 
 158              		.loc 1 30 5 view .LVU38
  30:component/uart/usart.c **** 
 159              		.loc 1 30 5 view .LVU39
 160 0030 9A69     		ldr	r2, [r3, #24]
 161 0032 42F00402 		orr	r2, r2, #4
 162 0036 9A61     		str	r2, [r3, #24]
  30:component/uart/usart.c **** 
 163              		.loc 1 30 5 view .LVU40
 164 0038 9B69     		ldr	r3, [r3, #24]
 165 003a 03F00403 		and	r3, r3, #4
 166 003e 0193     		str	r3, [sp, #4]
  30:component/uart/usart.c **** 
 167              		.loc 1 30 5 view .LVU41
 168 0040 019B     		ldr	r3, [sp, #4]
 169              	.LBE3:
  30:component/uart/usart.c **** 
 170              		.loc 1 30 5 view .LVU42
  32:component/uart/usart.c ****     GPIO_InitStruct.Mode = GPIO_MODE_AF_PP;
 171              		.loc 1 32 5 view .LVU43
ARM GAS  /tmp/ccV1ZKVk.s 			page 5


  32:component/uart/usart.c ****     GPIO_InitStruct.Mode = GPIO_MODE_AF_PP;
 172              		.loc 1 32 25 is_stmt 0 view .LVU44
 173 0042 4FF40073 		mov	r3, #512
 174 0046 0293     		str	r3, [sp, #8]
  33:component/uart/usart.c ****     GPIO_InitStruct.Speed = GPIO_SPEED_FREQ_HIGH;
 175              		.loc 1 33 5 is_stmt 1 view .LVU45
  33:component/uart/usart.c ****     GPIO_InitStruct.Speed = GPIO_SPEED_FREQ_HIGH;
 176              		.loc 1 33 26 is_stmt 0 view .LVU46
 177 0048 0223     		movs	r3, #2
 178 004a 0393     		str	r3, [sp, #12]
  34:component/uart/usart.c ****     HAL_GPIO_Init(GPIOA, &GPIO_InitStruct);
 179              		.loc 1 34 5 is_stmt 1 view .LVU47
  34:component/uart/usart.c ****     HAL_GPIO_Init(GPIOA, &GPIO_InitStruct);
 180              		.loc 1 34 27 is_stmt 0 view .LVU48
 181 004c 0323     		movs	r3, #3
 182 004e 0593     		str	r3, [sp, #20]
  35:component/uart/usart.c **** 
 183              		.loc 1 35 5 is_stmt 1 view .LVU49
 184 0050 0C4D     		ldr	r5, .L11+4
 185 0052 02A9     		add	r1, sp, #8
 186 0054 2846     		mov	r0, r5
 187              	.LVL5:
  35:component/uart/usart.c **** 
 188              		.loc 1 35 5 is_stmt 0 view .LVU50
 189 0056 FFF7FEFF 		bl	HAL_GPIO_Init
 190              	.LVL6:
  37:component/uart/usart.c ****     GPIO_InitStruct.Mode = GPIO_MODE_INPUT;
 191              		.loc 1 37 5 is_stmt 1 view .LVU51
  37:component/uart/usart.c ****     GPIO_InitStruct.Mode = GPIO_MODE_INPUT;
 192              		.loc 1 37 25 is_stmt 0 view .LVU52
 193 005a 4FF48063 		mov	r3, #1024
 194 005e 0293     		str	r3, [sp, #8]
  38:component/uart/usart.c ****     GPIO_InitStruct.Pull = GPIO_NOPULL;
 195              		.loc 1 38 5 is_stmt 1 view .LVU53
  38:component/uart/usart.c ****     GPIO_InitStruct.Pull = GPIO_NOPULL;
 196              		.loc 1 38 26 is_stmt 0 view .LVU54
 197 0060 0024     		movs	r4, #0
 198 0062 0394     		str	r4, [sp, #12]
  39:component/uart/usart.c ****     HAL_GPIO_Init(GPIOA, &GPIO_InitStruct);
 199              		.loc 1 39 5 is_stmt 1 view .LVU55
  39:component/uart/usart.c ****     HAL_GPIO_Init(GPIOA, &GPIO_InitStruct);
 200              		.loc 1 39 26 is_stmt 0 view .LVU56
 201 0064 0494     		str	r4, [sp, #16]
  40:component/uart/usart.c **** 
 202              		.loc 1 40 5 is_stmt 1 view .LVU57
 203 0066 02A9     		add	r1, sp, #8
 204 0068 2846     		mov	r0, r5
 205 006a FFF7FEFF 		bl	HAL_GPIO_Init
 206              	.LVL7:
  42:component/uart/usart.c ****     HAL_NVIC_EnableIRQ(USART1_IRQn);
 207              		.loc 1 42 5 view .LVU58
 208 006e 2246     		mov	r2, r4
 209 0070 2146     		mov	r1, r4
 210 0072 2520     		movs	r0, #37
 211 0074 FFF7FEFF 		bl	HAL_NVIC_SetPriority
 212              	.LVL8:
  43:component/uart/usart.c **** 
ARM GAS  /tmp/ccV1ZKVk.s 			page 6


 213              		.loc 1 43 5 view .LVU59
 214 0078 2520     		movs	r0, #37
 215 007a FFF7FEFF 		bl	HAL_NVIC_EnableIRQ
 216              	.LVL9:
 217              		.loc 1 46 1 is_stmt 0 view .LVU60
 218 007e CAE7     		b	.L7
 219              	.L12:
 220              		.align	2
 221              	.L11:
 222 0080 00380140 		.word	1073821696
 223 0084 00080140 		.word	1073809408
 224              		.cfi_endproc
 225              	.LFE67:
 227              		.section	.text.HAL_UART_MspDeInit,"ax",%progbits
 228              		.align	1
 229              		.global	HAL_UART_MspDeInit
 230              		.syntax unified
 231              		.thumb
 232              		.thumb_func
 233              		.fpu softvfp
 235              	HAL_UART_MspDeInit:
 236              	.LVL10:
 237              	.LFB68:
  47:component/uart/usart.c **** 
  48:component/uart/usart.c **** void HAL_UART_MspDeInit(UART_HandleTypeDef* uartHandle)
  49:component/uart/usart.c **** {
 238              		.loc 1 49 1 is_stmt 1 view -0
 239              		.cfi_startproc
 240              		@ args = 0, pretend = 0, frame = 0
 241              		@ frame_needed = 0, uses_anonymous_args = 0
 242              		.loc 1 49 1 is_stmt 0 view .LVU62
 243 0000 08B5     		push	{r3, lr}
 244              	.LCFI5:
 245              		.cfi_def_cfa_offset 8
 246              		.cfi_offset 3, -8
 247              		.cfi_offset 14, -4
  50:component/uart/usart.c **** 
  51:component/uart/usart.c ****   if(uartHandle->Instance==USART1)
 248              		.loc 1 51 3 is_stmt 1 view .LVU63
 249              		.loc 1 51 16 is_stmt 0 view .LVU64
 250 0002 0268     		ldr	r2, [r0]
 251              		.loc 1 51 5 view .LVU65
 252 0004 084B     		ldr	r3, .L17
 253 0006 9A42     		cmp	r2, r3
 254 0008 00D0     		beq	.L16
 255              	.LVL11:
 256              	.L13:
  52:component/uart/usart.c ****   {
  53:component/uart/usart.c ****     __HAL_RCC_USART1_CLK_DISABLE();
  54:component/uart/usart.c ****     HAL_GPIO_DeInit(GPIOA, GPIO_PIN_9|GPIO_PIN_10);
  55:component/uart/usart.c ****     HAL_NVIC_DisableIRQ(USART1_IRQn);
  56:component/uart/usart.c ****   }
  57:component/uart/usart.c **** } ...
 257              		.loc 1 57 1 view .LVU66
 258 000a 08BD     		pop	{r3, pc}
 259              	.LVL12:
 260              	.L16:
ARM GAS  /tmp/ccV1ZKVk.s 			page 7


  53:component/uart/usart.c ****     __HAL_RCC_USART1_CLK_DISABLE();
 261              		.loc 1 53 5 is_stmt 1 view .LVU67
 262 000c 074A     		ldr	r2, .L17+4
 263 000e 9369     		ldr	r3, [r2, #24]
 264 0010 23F48043 		bic	r3, r3, #16384
 265 0014 9361     		str	r3, [r2, #24]
  54:component/uart/usart.c ****     HAL_GPIO_DeInit(GPIOA, GPIO_PIN_9|GPIO_PIN_10);
 266              		.loc 1 54 5 view .LVU68
 267 0016 4FF4C061 		mov	r1, #1536
 268 001a 0548     		ldr	r0, .L17+8
 269              	.LVL13:
  54:component/uart/usart.c ****     HAL_GPIO_DeInit(GPIOA, GPIO_PIN_9|GPIO_PIN_10);
 270              		.loc 1 54 5 is_stmt 0 view .LVU69
 271 001c FFF7FEFF 		bl	HAL_GPIO_DeInit
 272              	.LVL14:
  55:component/uart/usart.c ****     HAL_NVIC_DisableIRQ(USART1_IRQn);
 273              		.loc 1 55 5 is_stmt 1 view .LVU70
 274 0020 2520     		movs	r0, #37
 275 0022 FFF7FEFF 		bl	HAL_NVIC_DisableIRQ
 276              	.LVL15:
 277              		.loc 1 57 1 is_stmt 0 view .LVU71
 278 0026 F0E7     		b	.L13
 279              	.L18:
 280              		.align	2
 281              	.L17:
 282 0028 00380140 		.word	1073821696
 283 002c 00100240 		.word	1073876992
 284 0030 00080140 		.word	1073809408
 285              		.cfi_endproc
 286              	.LFE68:
 288              		.comm	huart1,64,4
 289              		.text
 290              	.Letext0:
 291              		.file 2 "/home/yhf/toolchains/gcc-arm-none-eabi-9-2020-q2-update/arm-none-eabi/include/machine/_de
 292              		.file 3 "/home/yhf/toolchains/gcc-arm-none-eabi-9-2020-q2-update/arm-none-eabi/include/sys/_stdint
 293              		.file 4 "Drivers/CMSIS/Include/core_cm3.h"
 294              		.file 5 "Drivers/CMSIS/Device/ST/STM32F1xx/Include/system_stm32f1xx.h"
 295              		.file 6 "Drivers/CMSIS/Device/ST/STM32F1xx/Include/stm32f103xb.h"
 296              		.file 7 "/home/yhf/toolchains/gcc-arm-none-eabi-9-2020-q2-update/lib/gcc/arm-none-eabi/9.3.1/inclu
 297              		.file 8 "/home/yhf/toolchains/gcc-arm-none-eabi-9-2020-q2-update/arm-none-eabi/include/sys/_types.
 298              		.file 9 "/home/yhf/toolchains/gcc-arm-none-eabi-9-2020-q2-update/arm-none-eabi/include/sys/reent.h
 299              		.file 10 "/home/yhf/toolchains/gcc-arm-none-eabi-9-2020-q2-update/arm-none-eabi/include/sys/lock.h
 300              		.file 11 "Drivers/STM32F1xx_HAL_Driver/Inc/stm32f1xx_hal_def.h"
 301              		.file 12 "Drivers/STM32F1xx_HAL_Driver/Inc/stm32f1xx_hal_gpio.h"
 302              		.file 13 "Drivers/STM32F1xx_HAL_Driver/Inc/stm32f1xx_hal_dma.h"
 303              		.file 14 "Drivers/STM32F1xx_HAL_Driver/Inc/stm32f1xx_hal_uart.h"
 304              		.file 15 "Drivers/STM32F1xx_HAL_Driver/Inc/stm32f1xx_hal.h"
 305              		.file 16 "component/uart/usart.h"
 306              		.file 17 "Drivers/STM32F1xx_HAL_Driver/Inc/stm32f1xx_hal_cortex.h"
 307              		.file 18 "app/Inc/main.h"
ARM GAS  /tmp/ccV1ZKVk.s 			page 8


DEFINED SYMBOLS
                            *ABS*:0000000000000000 usart.c
     /tmp/ccV1ZKVk.s:16     .text.MX_USART1_UART_Init:0000000000000000 $t
     /tmp/ccV1ZKVk.s:24     .text.MX_USART1_UART_Init:0000000000000000 MX_USART1_UART_Init
     /tmp/ccV1ZKVk.s:83     .text.MX_USART1_UART_Init:000000000000002c $d
                            *COM*:0000000000000040 huart1
     /tmp/ccV1ZKVk.s:89     .text.HAL_UART_MspInit:0000000000000000 $t
     /tmp/ccV1ZKVk.s:96     .text.HAL_UART_MspInit:0000000000000000 HAL_UART_MspInit
     /tmp/ccV1ZKVk.s:222    .text.HAL_UART_MspInit:0000000000000080 $d
     /tmp/ccV1ZKVk.s:228    .text.HAL_UART_MspDeInit:0000000000000000 $t
     /tmp/ccV1ZKVk.s:235    .text.HAL_UART_MspDeInit:0000000000000000 HAL_UART_MspDeInit
     /tmp/ccV1ZKVk.s:282    .text.HAL_UART_MspDeInit:0000000000000028 $d

UNDEFINED SYMBOLS
HAL_UART_Init
Error_Handler
HAL_GPIO_Init
HAL_NVIC_SetPriority
HAL_NVIC_EnableIRQ
HAL_GPIO_DeInit
HAL_NVIC_DisableIRQ
